#
# There is insufficient memory for the Java Runtime Environment to continue.
# Native memory allocation (mmap) failed to map 70254592 bytes for committing reserved memory.
# Possible reasons:
#   The system is out of physical RAM or swap space
#   In 32 bit mode, the process size limit was hit
# Possible solutions:
#   Reduce memory load on the system
#   Increase physical memory or swap space
#   Check if swap backing store is full
#   Use 64 bit Java on a 64 bit OS
#   Decrease Java heap size (-Xmx/-Xms)
#   Decrease number of Java threads
#   Decrease Java thread stack sizes (-Xss)
#   Set larger code cache with -XX:ReservedCodeCacheSize=
# This output file may be truncated or incomplete.
#
#  Out of Memory Error (os_linux.cpp:2671), pid=48711, tid=140539939903232
#
# JRE version: Java(TM) SE Runtime Environment (8.0_31-b13) (build 1.8.0_31-b13)
# Java VM: Java HotSpot(TM) 64-Bit Server VM (25.31-b07 mixed mode linux-amd64 compressed oops)
# Failed to write core dump. Core dumps have been disabled. To enable core dumping, try "ulimit -c unlimited" before starting Java again
#

---------------  T H R E A D  ---------------

Current thread (0x00007fd214075800):  VMThread [stack: 0x00007fd20121d000,0x00007fd20131e000] [id=48754]

Stack: [0x00007fd20121d000,0x00007fd20131e000],  sp=0x00007fd20131c170,  free space=1020k
Native frames: (J=compiled Java code, j=interpreted, Vv=VM code, C=native code)
V  [libjvm.so+0xa79e0a]  VMError::report_and_die()+0x2ca
V  [libjvm.so+0x4e57bb]  report_vm_out_of_memory(char const*, int, unsigned long, VMErrorType, char const*)+0x8b
V  [libjvm.so+0x8e5a23]  os::Linux::commit_memory_impl(char*, unsigned long, bool)+0x103
V  [libjvm.so+0x8e5f79]  os::pd_commit_memory(char*, unsigned long, unsigned long, bool)+0x29
V  [libjvm.so+0x8dfc4a]  os::commit_memory(char*, unsigned long, unsigned long, bool)+0x2a
V  [libjvm.so+0x9502f3]  PSVirtualSpace::expand_by(unsigned long)+0x53
V  [libjvm.so+0x9516f8]  PSYoungGen::resize_generation(unsigned long, unsigned long)+0xf8
V  [libjvm.so+0x950852]  PSYoungGen::resize(unsigned long, unsigned long)+0x22
V  [libjvm.so+0x94db33]  PSScavenge::invoke_no_policy()+0xf53
V  [libjvm.so+0x94e2b1]  PSScavenge::invoke()+0x41
V  [libjvm.so+0x907f90]  ParallelScavengeHeap::failed_mem_allocate(unsigned long)+0x70
V  [libjvm.so+0xa7b487]  VM_ParallelGCFailedAllocation::doit()+0x97
V  [libjvm.so+0xa82ba5]  VM_Operation::evaluate()+0x55
V  [libjvm.so+0xa80f7a]  VMThread::evaluate_operation(VM_Operation*)+0xba
V  [libjvm.so+0xa812fe]  VMThread::loop()+0x1ce
V  [libjvm.so+0xa81770]  VMThread::run()+0x70
V  [libjvm.so+0x8e8158]  java_start(Thread*)+0x108

VM_Operation (0x00007fd21b767820): ParallelGCFailedAllocation, mode: safepoint, requested by thread 0x00007fd21400a000


---------------  P R O C E S S  ---------------

Java Threads: ( => current thread )
  0x00007fd2140b4800 JavaThread "Service Thread" daemon [_thread_blocked, id=48781, stack(0x00007fd20080d000,0x00007fd20090e000)]
  0x00007fd2140b1800 JavaThread "C1 CompilerThread2" daemon [_thread_blocked, id=48779, stack(0x00007fd20090e000,0x00007fd200a0f000)]
  0x00007fd2140b0000 JavaThread "C2 CompilerThread1" daemon [_thread_blocked, id=48778, stack(0x00007fd200a0f000,0x00007fd200b10000)]
  0x00007fd2140ad000 JavaThread "C2 CompilerThread0" daemon [_thread_blocked, id=48775, stack(0x00007fd200b10000,0x00007fd200c11000)]
  0x00007fd2140ab000 JavaThread "Signal Dispatcher" daemon [_thread_blocked, id=48772, stack(0x00007fd200c11000,0x00007fd200d12000)]
  0x00007fd21407c800 JavaThread "Finalizer" daemon [_thread_blocked, id=48762, stack(0x00007fd20101b000,0x00007fd20111c000)]
  0x00007fd21407a800 JavaThread "Reference Handler" daemon [_thread_blocked, id=48756, stack(0x00007fd20111c000,0x00007fd20121d000)]
  0x00007fd21400a000 JavaThread "main" [_thread_blocked, id=48723, stack(0x00007fd21b669000,0x00007fd21b76a000)]

Other Threads:
=>0x00007fd214075800 VMThread [stack: 0x00007fd20121d000,0x00007fd20131e000] [id=48754]
  0x00007fd2140bb800 WatcherThread [stack: 0x00007fd20070c000,0x00007fd20080d000] [id=48784]

VM state:at safepoint (normal execution)

VM Mutex/Monitor currently owned by a thread:  ([mutex/lock_event])
[0x00007fd214006520] Threads_lock - owner thread: 0x00007fd214075800
[0x00007fd214006a20] Heap_lock - owner thread: 0x00007fd21400a000

Heap:
 PSYoungGen      total 70656K, used 8681K [0x00000000eab00000, 0x00000000efa00000, 0x0000000100000000)
  eden space 61952K, 0% used [0x00000000eab00000,0x00000000eab00000,0x00000000ee780000)
  from space 8704K, 99% used [0x00000000ee780000,0x00000000eeffa548,0x00000000ef000000)
  to   space 7168K, 0% used [0x00000000ef000000,0x00000000ef000000,0x00000000ef700000)
 ParOldGen       total 42496K, used 20132K [0x00000000c0000000, 0x00000000c2980000, 0x00000000eab00000)
  object space 42496K, 47% used [0x00000000c0000000,0x00000000c13a9308,0x00000000c2980000)
 Metaspace       used 5960K, capacity 7088K, committed 7296K, reserved 1056768K
  class space    used 570K, capacity 616K, committed 640K, reserved 1048576K

Card table byte_map: [0x00007fd218289000,0x00007fd21848a000] byte_map_base: 0x00007fd217c89000

Marking Bits: (ParMarkBitMap*) 0x00007fd21ab452a0
 Begin Bits: [0x00007fd202cfd000, 0x00007fd203cfd000)
 End Bits:   [0x00007fd203cfd000, 0x00007fd204cfd000)

Polling page: 0x00007fd21b78c000

CodeCache: size=245760Kb used=6902Kb max_used=6911Kb free=238857Kb
 bounds [0x00007fd205000000, 0x00007fd2056d0000, 0x00007fd214000000]
 total_blobs=1929 nmethods=1670 adapters=174
 compilation: enabled

Compilation events (10 events):
Event: 14,608 Thread 0x00007fd2140ad000 nmethod 1634 0x00007fd20568a9d0 code [0x00007fd20568ab20, 0x00007fd20568abd8]
Event: 14,608 Thread 0x00007fd2140ad000 1743       4       com.android.dx.ssa.SsaMethod::indexListFromLabelList (47 bytes)
Event: 14,700 Thread 0x00007fd2140ad000 nmethod 1743 0x00007fd2056a9ad0 code [0x00007fd2056a9c60, 0x00007fd2056aa418]
Event: 14,700 Thread 0x00007fd2140ad000 1746       4       com.android.dx.ssa.back.SsaToRop::convertInsns (53 bytes)
Event: 14,746 Thread 0x00007fd2140ad000 nmethod 1746 0x00007fd2056a9010 code [0x00007fd2056a91a0, 0x00007fd2056a9598]
Event: 14,746 Thread 0x00007fd2140ad000 1748       4       com.android.dx.cf.code.RopperMachine::jopToRopOpcode (1103 bytes)
Event: 14,777 Thread 0x00007fd2140b1800 1750       2       com.android.dx.ssa.LocalVariableExtractor::processBlock (383 bytes)
Event: 14,784 Thread 0x00007fd2140b1800 nmethod 1750 0x00007fd2056a5810 code [0x00007fd2056a5b60, 0x00007fd2056a6c38]
Event: 14,887 Thread 0x00007fd2140ad000 nmethod 1748 0x00007fd2056c4750 code [0x00007fd2056c5100, 0x00007fd2056c5a58]
Event: 14,887 Thread 0x00007fd2140ad000 1745       4       com.android.dx.ssa.SsaBasicBlock::getRopLabelSuccessorList (57 bytes)

GC Heap History (10 events):
Event: 5,252 GC heap after
Heap after GC invocations=2 (full 0):
 PSYoungGen      total 18432K, used 2540K [0x00000000eab00000, 0x00000000ecf00000, 0x0000000100000000)
  eden space 15872K, 0% used [0x00000000eab00000,0x00000000eab00000,0x00000000eba80000)
  from space 2560K, 99% used [0x00000000ebd00000,0x00000000ebf7b0f0,0x00000000ebf80000)
  to   space 2560K, 0% used [0x00000000eba80000,0x00000000eba80000,0x00000000ebd00000)
 ParOldGen       total 42496K, used 3534K [0x00000000c0000000, 0x00000000c2980000, 0x00000000eab00000)
  object space 42496K, 8% used [0x00000000c0000000,0x00000000c0373a90,0x00000000c2980000)
 Metaspace       used 5659K, capacity 6960K, committed 7040K, reserved 1056768K
  class space    used 546K, capacity 616K, committed 640K, reserved 1048576K
}
Event: 6,635 GC heap before
{Heap before GC invocations=3 (full 0):
 PSYoungGen      total 18432K, used 18412K [0x00000000eab00000, 0x00000000ecf00000, 0x0000000100000000)
  eden space 15872K, 100% used [0x00000000eab00000,0x00000000eba80000,0x00000000eba80000)
  from space 2560K, 99% used [0x00000000ebd00000,0x00000000ebf7b0f0,0x00000000ebf80000)
  to   space 2560K, 0% used [0x00000000eba80000,0x00000000eba80000,0x00000000ebd00000)
 ParOldGen       total 42496K, used 3534K [0x00000000c0000000, 0x00000000c2980000, 0x00000000eab00000)
  object space 42496K, 8% used [0x00000000c0000000,0x00000000c0373a90,0x00000000c2980000)
 Metaspace       used 5854K, capacity 7024K, committed 7296K, reserved 1056768K
  class space    used 569K, capacity 616K, committed 640K, reserved 1048576K
Event: 6,658 GC heap after
Heap after GC invocations=3 (full 0):
 PSYoungGen      total 18432K, used 2545K [0x00000000eab00000, 0x00000000ecf00000, 0x0000000100000000)
  eden space 15872K, 0% used [0x00000000eab00000,0x00000000eab00000,0x00000000eba80000)
  from space 2560K, 99% used [0x00000000eba80000,0x00000000ebcfc480,0x00000000ebd00000)
  to   space 2560K, 0% used [0x00000000ecc80000,0x00000000ecc80000,0x00000000ecf00000)
 ParOldGen       total 42496K, used 5810K [0x00000000c0000000, 0x00000000c2980000, 0x00000000eab00000)
  object space 42496K, 13% used [0x00000000c0000000,0x00000000c05acb78,0x00000000c2980000)
 Metaspace       used 5854K, capacity 7024K, committed 7296K, reserved 1056768K
  class space    used 569K, capacity 616K, committed 640K, reserved 1048576K
}
Event: 7,997 GC heap before
{Heap before GC invocations=4 (full 0):
 PSYoungGen      total 18432K, used 18417K [0x00000000eab00000, 0x00000000ecf00000, 0x0000000100000000)
  eden space 15872K, 100% used [0x00000000eab00000,0x00000000eba80000,0x00000000eba80000)
  from space 2560K, 99% used [0x00000000eba80000,0x00000000ebcfc480,0x00000000ebd00000)
  to   space 2560K, 0% used [0x00000000ecc80000,0x00000000ecc80000,0x00000000ecf00000)
 ParOldGen       total 42496K, used 5810K [0x00000000c0000000, 0x00000000c2980000, 0x00000000eab00000)
  object space 42496K, 13% used [0x00000000c0000000,0x00000000c05acb78,0x00000000c2980000)
 Metaspace       used 5902K, capacity 7088K, committed 7296K, reserved 1056768K
  class space    used 569K, capacity 616K, committed 640K, reserved 1048576K
Event: 8,103 GC heap after
Heap after GC invocations=4 (full 0):
 PSYoungGen      total 34304K, used 2531K [0x00000000eab00000, 0x00000000ecf00000, 0x0000000100000000)
  eden space 31744K, 0% used [0x00000000eab00000,0x00000000eab00000,0x00000000eca00000)
  from space 2560K, 98% used [0x00000000ecc80000,0x00000000ecef8c68,0x00000000ecf00000)
  to   space 2560K, 0% used [0x00000000eca00000,0x00000000eca00000,0x00000000ecc80000)
 ParOldGen       total 42496K, used 8087K [0x00000000c0000000, 0x00000000c2980000, 0x00000000eab00000)
  object space 42496K, 19% used [0x00000000c0000000,0x00000000c07e5c60,0x00000000c2980000)
 Metaspace       used 5902K, capacity 7088K, committed 7296K, reserved 1056768K
  class space    used 569K, capacity 616K, committed 640K, reserved 1048576K
}
Event: 10,378 GC heap before
{Heap before GC invocations=5 (full 0):
 PSYoungGen      total 34304K, used 34275K [0x00000000eab00000, 0x00000000ecf00000, 0x0000000100000000)
  eden space 31744K, 100% used [0x00000000eab00000,0x00000000eca00000,0x00000000eca00000)
  from space 2560K, 98% used [0x00000000ecc80000,0x00000000ecef8c68,0x00000000ecf00000)
  to   space 2560K, 0% used [0x00000000eca00000,0x00000000eca00000,0x00000000ecc80000)
 ParOldGen       total 42496K, used 8087K [0x00000000c0000000, 0x00000000c2980000, 0x00000000eab00000)
  object space 42496K, 19% used [0x00000000c0000000,0x00000000c07e5c60,0x00000000c2980000)
 Metaspace       used 5930K, capacity 7088K, committed 7296K, reserved 1056768K
  class space    used 570K, capacity 616K, committed 640K, reserved 1048576K
Event: 10,483 GC heap after
Heap after GC invocations=5 (full 0):
 PSYoungGen      total 34304K, used 2544K [0x00000000eab00000, 0x00000000ef700000, 0x0000000100000000)
  eden space 31744K, 0% used [0x00000000eab00000,0x00000000eab00000,0x00000000eca00000)
  from space 2560K, 99% used [0x00000000eca00000,0x00000000ecc7c338,0x00000000ecc80000)
  to   space 7168K, 0% used [0x00000000ef000000,0x00000000ef000000,0x00000000ef700000)
 ParOldGen       total 42496K, used 12941K [0x00000000c0000000, 0x00000000c2980000, 0x00000000eab00000)
  object space 42496K, 30% used [0x00000000c0000000,0x00000000c0ca3408,0x00000000c2980000)
 Metaspace       used 5930K, capacity 7088K, committed 7296K, reserved 1056768K
  class space    used 570K, capacity 616K, committed 640K, reserved 1048576K
}
Event: 12,334 GC heap before
{Heap before GC invocations=6 (full 0):
 PSYoungGen      total 34304K, used 34288K [0x00000000eab00000, 0x00000000ef700000, 0x0000000100000000)
  eden space 31744K, 100% used [0x00000000eab00000,0x00000000eca00000,0x00000000eca00000)
  from space 2560K, 99% used [0x00000000eca00000,0x00000000ecc7c338,0x00000000ecc80000)
  to   space 7168K, 0% used [0x00000000ef000000,0x00000000ef000000,0x00000000ef700000)
 ParOldGen       total 42496K, used 12941K [0x00000000c0000000, 0x00000000c2980000, 0x00000000eab00000)
  object space 42496K, 30% used [0x00000000c0000000,0x00000000c0ca3408,0x00000000c2980000)
 Metaspace       used 5950K, capacity 7088K, committed 7296K, reserved 1056768K
  class space    used 570K, capacity 616K, committed 640K, reserved 1048576K
Event: 12,417 GC heap after
Heap after GC invocations=6 (full 0):
 PSYoungGen      total 69120K, used 7138K [0x00000000eab00000, 0x00000000efa00000, 0x0000000100000000)
  eden space 61952K, 0% used [0x00000000eab00000,0x00000000eab00000,0x00000000ee780000)
  from space 7168K, 99% used [0x00000000ef000000,0x00000000ef6f8b20,0x00000000ef700000)
  to   space 8704K, 0% used [0x00000000ee780000,0x00000000ee780000,0x00000000ef000000)
 ParOldGen       total 42496K, used 13487K [0x00000000c0000000, 0x00000000c2980000, 0x00000000eab00000)
  object space 42496K, 31% used [0x00000000c0000000,0x00000000c0d2bd20,0x00000000c2980000)
 Metaspace       used 5950K, capacity 7088K, committed 7296K, reserved 1056768K
  class space    used 570K, capacity 616K, committed 640K, reserved 1048576K
}
Event: 14,927 GC heap before
{Heap before GC invocations=7 (full 0):
 PSYoungGen      total 69120K, used 69090K [0x00000000eab00000, 0x00000000efa00000, 0x0000000100000000)
  eden space 61952K, 100% used [0x00000000eab00000,0x00000000ee780000,0x00000000ee780000)
  from space 7168K, 99% used [0x00000000ef000000,0x00000000ef6f8b20,0x00000000ef700000)
  to   space 8704K, 0% used [0x00000000ee780000,0x00000000ee780000,0x00000000ef000000)
 ParOldGen       total 42496K, used 13487K [0x00000000c0000000, 0x00000000c2980000, 0x00000000eab00000)
  object space 42496K, 31% used [0x00000000c0000000,0x00000000c0d2bd20,0x00000000c2980000)
 Metaspace       used 5960K, capacity 7088K, committed 7296K, reserved 1056768K
  class space    used 570K, capacity 616K, committed 640K, reserved 1048576K

Deoptimization events (10 events):
Event: 6,507 Thread 0x00007fd21400a000 Uncommon trap: reason=null_check action=make_not_entrant pc=0x00007fd2052f8994 method=com.android.dx.ssa.SsaRenamer.getLocalForNewReg(I)Lcom/android/dx/rop/code/LocalItem; @ 19
Event: 11,990 Thread 0x00007fd21400a000 Uncommon trap: reason=unreached action=reinterpret pc=0x00007fd2055c14e0 method=com.android.dx.ssa.SCCP.simulateBranch(Lcom/android/dx/ssa/SsaInsn;)V @ 132
Event: 13,199 Thread 0x00007fd21400a000 Uncommon trap: reason=bimorphic action=maybe_recompile pc=0x00007fd2055f7100 method=com.android.dx.cf.code.BytecodeArray.parseInstruction(ILcom/android/dx/cf/code/BytecodeArray$Visitor;)I @ 971
Event: 13,199 Thread 0x00007fd21400a000 Uncommon trap: reason=bimorphic action=maybe_recompile pc=0x00007fd2055f717c method=com.android.dx.cf.code.BytecodeArray.parseInstruction(ILcom/android/dx/cf/code/BytecodeArray$Visitor;)I @ 987
Event: 13,199 Thread 0x00007fd21400a000 Uncommon trap: reason=bimorphic action=maybe_recompile pc=0x00007fd2055f7100 method=com.android.dx.cf.code.BytecodeArray.parseInstruction(ILcom/android/dx/cf/code/BytecodeArray$Visitor;)I @ 971
Event: 13,199 Thread 0x00007fd21400a000 Uncommon trap: reason=bimorphic action=maybe_recompile pc=0x00007fd2055f717c method=com.android.dx.cf.code.BytecodeArray.parseInstruction(ILcom/android/dx/cf/code/BytecodeArray$Visitor;)I @ 987
Event: 14,691 Thread 0x00007fd21400a000 Uncommon trap: reason=bimorphic action=maybe_recompile pc=0x00007fd205626938 method=com.android.dx.rop.code.RegisterSpec.withSimpleType()Lcom/android/dx/rop/code/RegisterSpec; @ 21
Event: 14,719 Thread 0x00007fd21400a000 Uncommon trap: reason=bimorphic action=maybe_recompile pc=0x00007fd205626938 method=com.android.dx.rop.code.RegisterSpec.withSimpleType()Lcom/android/dx/rop/code/RegisterSpec; @ 21
Event: 14,751 Thread 0x00007fd21400a000 Uncommon trap: reason=bimorphic action=maybe_recompile pc=0x00007fd205626938 method=com.android.dx.rop.code.RegisterSpec.withSimpleType()Lcom/android/dx/rop/code/RegisterSpec; @ 21
Event: 14,755 Thread 0x00007fd21400a000 Uncommon trap: reason=bimorphic action=maybe_recompile pc=0x00007fd205626938 method=com.android.dx.rop.code.RegisterSpec.withSimpleType()Lcom/android/dx/rop/code/RegisterSpec; @ 21

Internal exceptions (10 events):
Event: 5,510 Thread 0x00007fd21400a000 Exception <a 'java/security/PrivilegedActionException'> (0x00000000ead79210) thrown at [/HUDSON/workspace/8-2-build-linux-amd64/jdk8u31/2394/hotspot/src/share/vm/prims/jvm.cpp, line 1312]
Event: 5,538 Thread 0x00007fd21400a000 Exception <a 'java/security/PrivilegedActionException'> (0x00000000ead7eb30) thrown at [/HUDSON/workspace/8-2-build-linux-amd64/jdk8u31/2394/hotspot/src/share/vm/prims/jvm.cpp, line 1312]
Event: 5,575 Thread 0x00007fd21400a000 Exception <a 'java/security/PrivilegedActionException'> (0x00000000ead84208) thrown at [/HUDSON/workspace/8-2-build-linux-amd64/jdk8u31/2394/hotspot/src/share/vm/prims/jvm.cpp, line 1312]
Event: 5,785 Thread 0x00007fd21400a000 Exception <a 'java/lang/ArrayIndexOutOfBoundsException': 18> (0x00000000eb1cb538) thrown at [/HUDSON/workspace/8-2-build-linux-amd64/jdk8u31/2394/hotspot/src/share/vm/interpreter/interpreterRuntime.cpp, line 366]
Event: 5,787 Thread 0x00007fd21400a000 Exception <a 'java/lang/ArrayIndexOutOfBoundsException'> (0x00000000eb1ccfd0) thrown at [/HUDSON/workspace/8-2-build-linux-amd64/jdk8u31/2394/hotspot/src/share/vm/runtime/sharedRuntime.cpp, line 604]
Event: 5,803 Thread 0x00007fd21400a000 Exception <a 'java/lang/ArrayIndexOutOfBoundsException'> (0x00000000eb1ce1e8) thrown at [/HUDSON/workspace/8-2-build-linux-amd64/jdk8u31/2394/hotspot/src/share/vm/runtime/sharedRuntime.cpp, line 604]
Event: 6,186 Thread 0x00007fd21400a000 Exception <a 'java/security/PrivilegedActionException'> (0x00000000eb5c7ef0) thrown at [/HUDSON/workspace/8-2-build-linux-amd64/jdk8u31/2394/hotspot/src/share/vm/prims/jvm.cpp, line 1312]
Event: 6,507 Thread 0x00007fd21400a000 Implicit null exception at 0x00007fd2052f603b to 0x00007fd2052f8971
Event: 7,143 Thread 0x00007fd21400a000 Exception <a 'java/security/PrivilegedActionException'> (0x00000000eb2c0298) thrown at [/HUDSON/workspace/8-2-build-linux-amd64/jdk8u31/2394/hotspot/src/share/vm/prims/jvm.cpp, line 1312]
Event: 8,317 Thread 0x00007fd21400a000 Exception <a 'java/security/PrivilegedActionException'> (0x00000000ead1e128) thrown at [/HUDSON/workspace/8-2-build-linux-amd64/jdk8u31/2394/hotspot/src/share/vm/prims/jvm.cpp, line 1312]

Events (10 events):
Event: 14,719 Thread 0x00007fd21400a000 Uncommon trap: trap_request=0xffffffc6 fr.pc=0x00007fd205626938
Event: 14,719 Thread 0x00007fd21400a000 DEOPT PACKING pc=0x00007fd205626938 sp=0x00007fd21b767c50
Event: 14,719 Thread 0x00007fd21400a000 DEOPT UNPACKING pc=0x00007fd205004f69 sp=0x00007fd21b767bb8 mode 2
Event: 14,751 Thread 0x00007fd21400a000 Uncommon trap: trap_request=0xffffffc6 fr.pc=0x00007fd205626938
Event: 14,751 Thread 0x00007fd21400a000 DEOPT PACKING pc=0x00007fd205626938 sp=0x00007fd21b767c50
Event: 14,751 Thread 0x00007fd21400a000 DEOPT UNPACKING pc=0x00007fd205004f69 sp=0x00007fd21b767bb8 mode 2
Event: 14,755 Thread 0x00007fd21400a000 Uncommon trap: trap_request=0xffffffc6 fr.pc=0x00007fd205626938
Event: 14,755 Thread 0x00007fd21400a000 DEOPT PACKING pc=0x00007fd205626938 sp=0x00007fd21b767ba0
Event: 14,755 Thread 0x00007fd21400a000 DEOPT UNPACKING pc=0x00007fd205004f69 sp=0x00007fd21b767b08 mode 2
Event: 14,927 Executing VM operation: ParallelGCFailedAllocation


Dynamic libraries:
00400000-00401000 r-xp 00000000 08:01 275992                             /usr/lib/jvm/java-8-oracle/bin/java
00600000-00601000 rw-p 00000000 08:01 275992                             /usr/lib/jvm/java-8-oracle/bin/java
008de000-008ff000 rw-p 00000000 00:00 0                                  [heap]
c0000000-c2980000 rw-p 00000000 00:00 0 
c2980000-eab00000 ---p 00000000 00:00 0 
eab00000-efa00000 rw-p 00000000 00:00 0 
f3d00000-100000000 ---p 00000000 00:00 0 
100000000-1000a0000 rw-p 00000000 00:00 0 
1000a0000-140000000 ---p 00000000 00:00 0 
7fd1c4000000-7fd1c4021000 rw-p 00000000 00:00 0 
7fd1c4021000-7fd1c8000000 ---p 00000000 00:00 0 
7fd1cc000000-7fd1cc7e0000 rw-p 00000000 00:00 0 
7fd1cc7e0000-7fd1d0000000 ---p 00000000 00:00 0 
7fd1d0000000-7fd1d0021000 rw-p 00000000 00:00 0 
7fd1d0021000-7fd1d4000000 ---p 00000000 00:00 0 
7fd1d4000000-7fd1d4c97000 rw-p 00000000 00:00 0 
7fd1d4c97000-7fd1d8000000 ---p 00000000 00:00 0 
7fd1d8000000-7fd1d8c60000 rw-p 00000000 00:00 0 
7fd1d8c60000-7fd1dc000000 ---p 00000000 00:00 0 
7fd1dc000000-7fd1dc021000 rw-p 00000000 00:00 0 
7fd1dc021000-7fd1e0000000 ---p 00000000 00:00 0 
7fd1e0000000-7fd1e0021000 rw-p 00000000 00:00 0 
7fd1e0021000-7fd1e4000000 ---p 00000000 00:00 0 
7fd1e4000000-7fd1e427d000 rw-p 00000000 00:00 0 
7fd1e427d000-7fd1e8000000 ---p 00000000 00:00 0 
7fd1e8000000-7fd1e8021000 rw-p 00000000 00:00 0 
7fd1e8021000-7fd1ec000000 ---p 00000000 00:00 0 
7fd1ec000000-7fd1ec021000 rw-p 00000000 00:00 0 
7fd1ec021000-7fd1f0000000 ---p 00000000 00:00 0 
7fd1f0000000-7fd1f0021000 rw-p 00000000 00:00 0 
7fd1f0021000-7fd1f4000000 ---p 00000000 00:00 0 
7fd1f4000000-7fd1f4021000 rw-p 00000000 00:00 0 
7fd1f4021000-7fd1f8000000 ---p 00000000 00:00 0 
7fd1faafd000-7fd1facfd000 rw-p 00000000 00:00 0 
7fd1fc000000-7fd1fc021000 rw-p 00000000 00:00 0 
7fd1fc021000-7fd200000000 ---p 00000000 00:00 0 
7fd200703000-7fd20070c000 r--s 00073000 08:01 2367901                    /home/thibaud/repo/myconsumption-android/app/build/intermediates/exploded-aar/com.android.support/appcompat-v7/21.0.3/classes.jar
7fd20070c000-7fd20070d000 ---p 00000000 00:00 0 
7fd20070d000-7fd20080d000 rw-p 00000000 00:00 0                          [stack:48784]
7fd20080d000-7fd200810000 ---p 00000000 00:00 0 
7fd200810000-7fd20090e000 rw-p 00000000 00:00 0                          [stack:48781]
7fd20090e000-7fd200911000 ---p 00000000 00:00 0 
7fd200911000-7fd200a0f000 rw-p 00000000 00:00 0                          [stack:48779]
7fd200a0f000-7fd200a12000 ---p 00000000 00:00 0 
7fd200a12000-7fd200b10000 rw-p 00000000 00:00 0                          [stack:48778]
7fd200b10000-7fd200b13000 ---p 00000000 00:00 0 
7fd200b13000-7fd200c11000 rw-p 00000000 00:00 0                          [stack:48775]
7fd200c11000-7fd200c14000 ---p 00000000 00:00 0 
7fd200c14000-7fd200d12000 rw-p 00000000 00:00 0                          [stack:48772]
7fd200d12000-7fd20101b000 r--p 00000000 08:01 270432                     /usr/lib/locale/locale-archive
7fd20101b000-7fd20101e000 ---p 00000000 00:00 0 
7fd20101e000-7fd20111c000 rw-p 00000000 00:00 0                          [stack:48762]
7fd20111c000-7fd20111f000 ---p 00000000 00:00 0 
7fd20111f000-7fd20121d000 rw-p 00000000 00:00 0                          [stack:48756]
7fd20121d000-7fd20121e000 ---p 00000000 00:00 0 
7fd20121e000-7fd2022b1000 rw-p 00000000 00:00 0                          [stack:48754]
7fd2022b1000-7fd202487000 r--s 03cae000 08:01 275552                     /usr/lib/jvm/java-8-oracle/jre/lib/rt.jar
7fd202487000-7fd202b7d000 rw-p 00000000 00:00 0 
7fd202b7d000-7fd202cfd000 ---p 00000000 00:00 0 
7fd202cfd000-7fd204cfd000 rw-p 00000000 00:00 0 
7fd204cfd000-7fd204cfe000 ---p 00000000 00:00 0 
7fd204cfe000-7fd204dfe000 rw-p 00000000 00:00 0                          [stack:48749]
7fd204dfe000-7fd204dff000 ---p 00000000 00:00 0 
7fd204dff000-7fd204eff000 rw-p 00000000 00:00 0                          [stack:48748]
7fd204eff000-7fd204f00000 ---p 00000000 00:00 0 
7fd204f00000-7fd205000000 rw-p 00000000 00:00 0                          [stack:48747]
7fd205000000-7fd2056d0000 rwxp 00000000 00:00 0 
7fd2056d0000-7fd214000000 ---p 00000000 00:00 0 
7fd214000000-7fd214389000 rw-p 00000000 00:00 0 
7fd214389000-7fd218000000 ---p 00000000 00:00 0 
7fd218002000-7fd218011000 r--s 000dd000 08:01 2362396                    /home/thibaud/adt_bundle/sdk/build-tools/21.1.2/lib/dx.jar
7fd218011000-7fd218032000 rw-p 00000000 00:00 0 
7fd218032000-7fd218033000 ---p 00000000 00:00 0 
7fd218033000-7fd218148000 rw-p 00000000 00:00 0                          [stack:48737]
7fd218148000-7fd218289000 ---p 00000000 00:00 0 
7fd218289000-7fd21829e000 rw-p 00000000 00:00 0 
7fd21829e000-7fd2183de000 ---p 00000000 00:00 0 
7fd2183de000-7fd218406000 rw-p 00000000 00:00 0 
7fd218406000-7fd218489000 ---p 00000000 00:00 0 
7fd218489000-7fd2184a6000 rw-p 00000000 00:00 0 
7fd2184a6000-7fd21884a000 ---p 00000000 00:00 0 
7fd21884a000-7fd218864000 r-xp 00000000 08:01 275624                     /usr/lib/jvm/java-8-oracle/jre/lib/amd64/libzip.so
7fd218864000-7fd218a64000 ---p 0001a000 08:01 275624                     /usr/lib/jvm/java-8-oracle/jre/lib/amd64/libzip.so
7fd218a64000-7fd218a65000 rw-p 0001a000 08:01 275624                     /usr/lib/jvm/java-8-oracle/jre/lib/amd64/libzip.so
7fd218a65000-7fd218a70000 r-xp 00000000 08:01 1449254                    /lib/x86_64-linux-gnu/libnss_files-2.19.so
7fd218a70000-7fd218c6f000 ---p 0000b000 08:01 1449254                    /lib/x86_64-linux-gnu/libnss_files-2.19.so
7fd218c6f000-7fd218c70000 r--p 0000a000 08:01 1449254                    /lib/x86_64-linux-gnu/libnss_files-2.19.so
7fd218c70000-7fd218c71000 rw-p 0000b000 08:01 1449254                    /lib/x86_64-linux-gnu/libnss_files-2.19.so
7fd218c71000-7fd218c7c000 r-xp 00000000 08:01 1449248                    /lib/x86_64-linux-gnu/libnss_nis-2.19.so
7fd218c7c000-7fd218e7b000 ---p 0000b000 08:01 1449248                    /lib/x86_64-linux-gnu/libnss_nis-2.19.so
7fd218e7b000-7fd218e7c000 r--p 0000a000 08:01 1449248                    /lib/x86_64-linux-gnu/libnss_nis-2.19.so
7fd218e7c000-7fd218e7d000 rw-p 0000b000 08:01 1449248                    /lib/x86_64-linux-gnu/libnss_nis-2.19.so
7fd218e7d000-7fd218e94000 r-xp 00000000 08:01 1449237                    /lib/x86_64-linux-gnu/libnsl-2.19.so
7fd218e94000-7fd219093000 ---p 00017000 08:01 1449237                    /lib/x86_64-linux-gnu/libnsl-2.19.so
7fd219093000-7fd219094000 r--p 00016000 08:01 1449237                    /lib/x86_64-linux-gnu/libnsl-2.19.so
7fd219094000-7fd219095000 rw-p 00017000 08:01 1449237                    /lib/x86_64-linux-gnu/libnsl-2.19.so
7fd219095000-7fd219097000 rw-p 00000000 00:00 0 
7fd219097000-7fd2190a0000 r-xp 00000000 08:01 1449234                    /lib/x86_64-linux-gnu/libnss_compat-2.19.so
7fd2190a0000-7fd21929f000 ---p 00009000 08:01 1449234                    /lib/x86_64-linux-gnu/libnss_compat-2.19.so
7fd21929f000-7fd2192a0000 r--p 00008000 08:01 1449234                    /lib/x86_64-linux-gnu/libnss_compat-2.19.so
7fd2192a0000-7fd2192a1000 rw-p 00009000 08:01 1449234                    /lib/x86_64-linux-gnu/libnss_compat-2.19.so
7fd2192a1000-7fd2192cb000 r-xp 00000000 08:01 275653                     /usr/lib/jvm/java-8-oracle/jre/lib/amd64/libjava.so
7fd2192cb000-7fd2194cb000 ---p 0002a000 08:01 275653                     /usr/lib/jvm/java-8-oracle/jre/lib/amd64/libjava.so
7fd2194cb000-7fd2194cd000 rw-p 0002a000 08:01 275653                     /usr/lib/jvm/java-8-oracle/jre/lib/amd64/libjava.so
7fd2194cd000-7fd2194da000 r-xp 00000000 08:01 275660                     /usr/lib/jvm/java-8-oracle/jre/lib/amd64/libverify.so
7fd2194da000-7fd2196da000 ---p 0000d000 08:01 275660                     /usr/lib/jvm/java-8-oracle/jre/lib/amd64/libverify.so
7fd2196da000-7fd2196dc000 rw-p 0000d000 08:01 275660                     /usr/lib/jvm/java-8-oracle/jre/lib/amd64/libverify.so
7fd2196dc000-7fd2196e3000 r-xp 00000000 08:01 1449227                    /lib/x86_64-linux-gnu/librt-2.19.so
7fd2196e3000-7fd2198e2000 ---p 00007000 08:01 1449227                    /lib/x86_64-linux-gnu/librt-2.19.so
7fd2198e2000-7fd2198e3000 r--p 00006000 08:01 1449227                    /lib/x86_64-linux-gnu/librt-2.19.so
7fd2198e3000-7fd2198e4000 rw-p 00007000 08:01 1449227                    /lib/x86_64-linux-gnu/librt-2.19.so
7fd2198e4000-7fd2199e9000 r-xp 00000000 08:01 1449236                    /lib/x86_64-linux-gnu/libm-2.19.so
7fd2199e9000-7fd219be8000 ---p 00105000 08:01 1449236                    /lib/x86_64-linux-gnu/libm-2.19.so
7fd219be8000-7fd219be9000 r--p 00104000 08:01 1449236                    /lib/x86_64-linux-gnu/libm-2.19.so
7fd219be9000-7fd219bea000 rw-p 00105000 08:01 1449236                    /lib/x86_64-linux-gnu/libm-2.19.so
7fd219bea000-7fd21a858000 r-xp 00000000 08:01 275644                     /usr/lib/jvm/java-8-oracle/jre/lib/amd64/server/libjvm.so
7fd21a858000-7fd21aa57000 ---p 00c6e000 08:01 275644                     /usr/lib/jvm/java-8-oracle/jre/lib/amd64/server/libjvm.so
7fd21aa57000-7fd21ab2d000 rw-p 00c6d000 08:01 275644                     /usr/lib/jvm/java-8-oracle/jre/lib/amd64/server/libjvm.so
7fd21ab2d000-7fd21ab70000 rw-p 00000000 00:00 0 
7fd21ab70000-7fd21ad2b000 r-xp 00000000 08:01 1449225                    /lib/x86_64-linux-gnu/libc-2.19.so
7fd21ad2b000-7fd21af2b000 ---p 001bb000 08:01 1449225                    /lib/x86_64-linux-gnu/libc-2.19.so
7fd21af2b000-7fd21af2f000 r--p 001bb000 08:01 1449225                    /lib/x86_64-linux-gnu/libc-2.19.so
7fd21af2f000-7fd21af31000 rw-p 001bf000 08:01 1449225                    /lib/x86_64-linux-gnu/libc-2.19.so
7fd21af31000-7fd21af36000 rw-p 00000000 00:00 0 
7fd21af36000-7fd21af39000 r-xp 00000000 08:01 1449231                    /lib/x86_64-linux-gnu/libdl-2.19.so
7fd21af39000-7fd21b138000 ---p 00003000 08:01 1449231                    /lib/x86_64-linux-gnu/libdl-2.19.so
7fd21b138000-7fd21b139000 r--p 00002000 08:01 1449231                    /lib/x86_64-linux-gnu/libdl-2.19.so
7fd21b139000-7fd21b13a000 rw-p 00003000 08:01 1449231                    /lib/x86_64-linux-gnu/libdl-2.19.so
7fd21b13a000-7fd21b14f000 r-xp 00000000 08:01 274969                     /usr/lib/jvm/java-8-oracle/lib/amd64/jli/libjli.so
7fd21b14f000-7fd21b34e000 ---p 00015000 08:01 274969                     /usr/lib/jvm/java-8-oracle/lib/amd64/jli/libjli.so
7fd21b34e000-7fd21b34f000 rw-p 00014000 08:01 274969                     /usr/lib/jvm/java-8-oracle/lib/amd64/jli/libjli.so
7fd21b34f000-7fd21b368000 r-xp 00000000 08:01 1449252                    /lib/x86_64-linux-gnu/libpthread-2.19.so
7fd21b368000-7fd21b567000 ---p 00019000 08:01 1449252                    /lib/x86_64-linux-gnu/libpthread-2.19.so
7fd21b567000-7fd21b568000 r--p 00018000 08:01 1449252                    /lib/x86_64-linux-gnu/libpthread-2.19.so
7fd21b568000-7fd21b569000 rw-p 00019000 08:01 1449252                    /lib/x86_64-linux-gnu/libpthread-2.19.so
7fd21b569000-7fd21b56d000 rw-p 00000000 00:00 0 
7fd21b56d000-7fd21b590000 r-xp 00000000 08:01 1449223                    /lib/x86_64-linux-gnu/ld-2.19.so
7fd21b597000-7fd21b669000 rw-p 00000000 00:00 0 
7fd21b669000-7fd21b66c000 ---p 00000000 00:00 0 
7fd21b66c000-7fd21b783000 rw-p 00000000 00:00 0                          [stack:48723]
7fd21b783000-7fd21b78b000 rw-s 00000000 08:01 941530                     /tmp/hsperfdata_thibaud/48711
7fd21b78b000-7fd21b78c000 rw-p 00000000 00:00 0 
7fd21b78c000-7fd21b78d000 ---p 00000000 00:00 0 
7fd21b78d000-7fd21b78f000 rw-p 00000000 00:00 0 
7fd21b78f000-7fd21b790000 r--p 00022000 08:01 1449223                    /lib/x86_64-linux-gnu/ld-2.19.so
7fd21b790000-7fd21b791000 rw-p 00023000 08:01 1449223                    /lib/x86_64-linux-gnu/ld-2.19.so
7fd21b791000-7fd21b792000 rw-p 00000000 00:00 0 
7fffd5b01000-7fffd5b23000 rw-p 00000000 00:00 0                          [stack]
7fffd5b4f000-7fffd5b51000 r-xp 00000000 00:00 0                          [vdso]
ffffffffff600000-ffffffffff601000 r-xp 00000000 00:00 0                  [vsyscall]

VM Arguments:
jvm_args: -Xmx1024M -Dfile.encoding=UTF-8 -Duser.country=US -Duser.language=en -Duser.variant 
java_command: com.android.dx.command.Main --dex --output /home/thibaud/repo/myconsumption-android/app/build/intermediates/pre-dexed/debug/classes-7ada7d84c82bd4c163e0c0c7a789ddfd2ec5b055.jar /home/thibaud/repo/myconsumption-android/app/build/intermediates/exploded-aar/com.android.support/appcompat-v7/21.0.3/classes.jar
java_class_path (initial): /home/thibaud/adt_bundle/sdk/build-tools/21.1.2/lib/dx.jar
Launcher Type: SUN_STANDARD

Environment Variables:
JAVA_HOME=/usr/lib/jvm/java-8-oracle
CLASSPATH=./Downloads/android-studio/bin/../lib/bootstrap.jar:./Downloads/android-studio/bin/../lib/extensions.jar:./Downloads/android-studio/bin/../lib/util.jar:./Downloads/android-studio/bin/../lib/jdom.jar:./Downloads/android-studio/bin/../lib/log4j.jar:./Downloads/android-studio/bin/../lib/trove4j.jar:./Downloads/android-studio/bin/../lib/jna.jar:/usr/lib/jvm/java-8-oracle/lib/tools.jar
PATH=/usr/local/maven/bin:/usr/local/sbin:/usr/local/bin:/usr/sbin:/usr/bin:/sbin:/bin:/usr/games:/usr/local/games
USERNAME=thibaud
LD_LIBRARY_PATH=./Downloads/android-studio/bin:
SHELL=/bin/bash
DISPLAY=:0

Signal Handlers:
SIGSEGV: [libjvm.so+0xa7a650], sa_mask[0]=11111111011111111101111111111110, sa_flags=SA_RESTART|SA_SIGINFO
SIGBUS: [libjvm.so+0xa7a650], sa_mask[0]=11111111011111111101111111111110, sa_flags=SA_RESTART|SA_SIGINFO
SIGFPE: [libjvm.so+0x8e28f0], sa_mask[0]=11111111011111111101111111111110, sa_flags=SA_RESTART|SA_SIGINFO
SIGPIPE: [libjvm.so+0x8e28f0], sa_mask[0]=11111111011111111101111111111110, sa_flags=SA_RESTART|SA_SIGINFO
SIGXFSZ: [libjvm.so+0x8e28f0], sa_mask[0]=11111111011111111101111111111110, sa_flags=SA_RESTART|SA_SIGINFO
SIGILL: [libjvm.so+0x8e28f0], sa_mask[0]=11111111011111111101111111111110, sa_flags=SA_RESTART|SA_SIGINFO
SIGUSR1: SIG_DFL, sa_mask[0]=00000000000000000000000000000000, sa_flags=none
SIGUSR2: [libjvm.so+0x8e4120], sa_mask[0]=00100000000000000000000000000000, sa_flags=SA_RESTART|SA_SIGINFO
SIGHUP: [libjvm.so+0x8e54e0], sa_mask[0]=11111111011111111101111111111110, sa_flags=SA_RESTART|SA_SIGINFO
SIGINT: [libjvm.so+0x8e54e0], sa_mask[0]=11111111011111111101111111111110, sa_flags=SA_RESTART|SA_SIGINFO
SIGTERM: [libjvm.so+0x8e54e0], sa_mask[0]=11111111011111111101111111111110, sa_flags=SA_RESTART|SA_SIGINFO
SIGQUIT: [libjvm.so+0x8e54e0], sa_mask[0]=11111111011111111101111111111110, sa_flags=SA_RESTART|SA_SIGINFO


---------------  S Y S T E M  ---------------

OS:DISTRIB_ID=LinuxMint
DISTRIB_RELEASE=17
DISTRIB_CODENAME=qiana
DISTRIB_DESCRIPTION="Linux Mint 17 Qiana"

uname:Linux 3.13.0-24-generic #46-Ubuntu SMP Thu Apr 10 19:11:08 UTC 2014 x86_64
libc:glibc 2.19 NPTL 2.19 
rlimit: STACK 8192k, CORE 0k, NPROC 31328, NOFILE 4096, AS infinity
load average:4,53 3,07 2,66

/proc/meminfo:
MemTotal:        4041048 kB
MemFree:          107008 kB
Buffers:             900 kB
Cached:            33056 kB
SwapCached:        16256 kB
Active:          2720172 kB
Inactive:         927032 kB
Active(anon):    2712876 kB
Inactive(anon):   912112 kB
Active(file):       7296 kB
Inactive(file):    14920 kB
Unevictable:         272 kB
Mlocked:             272 kB
SwapTotal:       4191228 kB
SwapFree:              0 kB
Dirty:               292 kB
Writeback:             4 kB
AnonPages:       3598752 kB
Mapped:            18688 kB
Shmem:             11324 kB
Slab:              94676 kB
SReclaimable:      41748 kB
SUnreclaim:        52928 kB
KernelStack:        9856 kB
PageTables:        72208 kB
NFS_Unstable:          0 kB
Bounce:                0 kB
WritebackTmp:          0 kB
CommitLimit:     6211752 kB
Committed_AS:   18252896 kB
VmallocTotal:   34359738367 kB
VmallocUsed:      167872 kB
VmallocChunk:   34359515716 kB
HardwareCorrupted:     0 kB
AnonHugePages:    415744 kB
HugePages_Total:       0
HugePages_Free:        0
HugePages_Rsvd:        0
HugePages_Surp:        0
Hugepagesize:       2048 kB
DirectMap4k:       69504 kB
DirectMap2M:     4124672 kB


CPU:total 4 (1 cores per cpu, 1 threads per core) family 6 model 58 stepping 9, cmov, cx8, fxsr, mmx, sse, sse2, sse3, ssse3, sse4.1, sse4.2, popcnt, avx, aes, clmul, erms, tsc, tscinvbit, tscinv

/proc/cpuinfo:
processor	: 0
vendor_id	: GenuineIntel
cpu family	: 6
model		: 58
model name	: Intel(R) Core(TM) i5-3317U CPU @ 1.70GHz
stepping	: 9
microcode	: 0x17
cpu MHz		: 1696.143
cache size	: 3072 KB
physical id	: 0
siblings	: 1
core id		: 0
cpu cores	: 1
apicid		: 0
initial apicid	: 0
fpu		: yes
fpu_exception	: yes
cpuid level	: 13
wp		: yes
flags		: fpu vme de pse tsc msr pae mce cx8 apic sep mtrr pge mca cmov pat pse36 clflush dts mmx fxsr sse sse2 ss syscall nx rdtscp lm constant_tsc arch_perfmon pebs bts nopl xtopology tsc_reliable nonstop_tsc aperfmperf pni pclmulqdq vmx ssse3 cx16 pcid sse4_1 sse4_2 x2apic popcnt aes xsave avx f16c rdrand hypervisor lahf_lm ida arat epb pln pts dtherm tpr_shadow vnmi ept vpid fsgsbase smep
bogomips	: 3392.28
clflush size	: 64
cache_alignment	: 64
address sizes	: 40 bits physical, 48 bits virtual
power management:

processor	: 1
vendor_id	: GenuineIntel
cpu family	: 6
model		: 58
model name	: Intel(R) Core(TM) i5-3317U CPU @ 1.70GHz
stepping	: 9
microcode	: 0x17
cpu MHz		: 1696.143
cache size	: 3072 KB
physical id	: 2
siblings	: 1
core id		: 0
cpu cores	: 1
apicid		: 2
initial apicid	: 2
fpu		: yes
fpu_exception	: yes
cpuid level	: 13
wp		: yes
flags		: fpu vme de pse tsc msr pae mce cx8 apic sep mtrr pge mca cmov pat pse36 clflush dts mmx fxsr sse sse2 ss syscall nx rdtscp lm constant_tsc arch_perfmon pebs bts nopl xtopology tsc_reliable nonstop_tsc aperfmperf pni pclmulqdq vmx ssse3 cx16 pcid sse4_1 sse4_2 x2apic popcnt aes xsave avx f16c rdrand hypervisor lahf_lm ida arat epb pln pts dtherm tpr_shadow vnmi ept vpid fsgsbase smep
bogomips	: 3392.28
clflush size	: 64
cache_alignment	: 64
address sizes	: 40 bits physical, 48 bits virtual
power management:

processor	: 2
vendor_id	: GenuineIntel
cpu family	: 6
model		: 58
model name	: Intel(R) Core(TM) i5-3317U CPU @ 1.70GHz
stepping	: 9
microcode	: 0x17
cpu MHz		: 1696.143
cache size	: 3072 KB
physical id	: 4
siblings	: 1
core id		: 0
cpu cores	: 1
apicid		: 4
initial apicid	: 4
fpu		: yes
fpu_exception	: yes
cpuid level	: 13
wp		: yes
flags		: fpu vme de pse tsc msr pae mce cx8 apic sep mtrr pge mca cmov pat pse36 clflush dts mmx fxsr sse sse2 ss syscall nx rdtscp lm constant_tsc arch_perfmon pebs bts nopl xtopology tsc_reliable nonstop_tsc aperfmperf pni pclmulqdq vmx ssse3 cx16 pcid sse4_1 sse4_2 x2apic popcnt aes xsave avx f16c rdrand hypervisor lahf_lm ida arat epb pln pts dtherm tpr_shadow vnmi ept vpid fsgsbase smep
bogomips	: 3392.28
clflush size	: 64
cache_alignment	: 64
address sizes	: 40 bits physical, 48 bits virtual
power management:

processor	: 3
vendor_id	: GenuineIntel
cpu family	: 6
model		: 58
model name	: Intel(R) Core(TM) i5-3317U CPU @ 1.70GHz
stepping	: 9
microcode	: 0x17
cpu MHz		: 1696.143
cache size	: 3072 KB
physical id	: 6
siblings	: 1
core id		: 0
cpu cores	: 1
apicid		: 6
initial apicid	: 6
fpu		: yes
fpu_exception	: yes
cpuid level	: 13
wp		: yes
flags		: fpu vme de pse tsc msr pae mce cx8 apic sep mtrr pge mca cmov pat pse36 clflush dts mmx fxsr sse sse2 ss syscall nx rdtscp lm constant_tsc arch_perfmon pebs bts nopl xtopology tsc_reliable nonstop_tsc aperfmperf pni pclmulqdq vmx ssse3 cx16 pcid sse4_1 sse4_2 x2apic popcnt aes xsave avx f16c rdrand hypervisor lahf_lm ida arat epb pln pts dtherm tpr_shadow vnmi ept vpid fsgsbase smep
bogomips	: 3392.28
clflush size	: 64
cache_alignment	: 64
address sizes	: 40 bits physical, 48 bits virtual
power management:



Memory: 4k page, physical 4041048k(106760k free), swap 4191228k(0k free)

vm_info: Java HotSpot(TM) 64-Bit Server VM (25.31-b07) for linux-amd64 JRE (1.8.0_31-b13), built on Dec 17 2014 20:40:15 by "java_re" with gcc 4.3.0 20080428 (Red Hat 4.3.0-8)

time: Wed Feb 25 12:19:31 2015
elapsed time: 15 seconds (0d 0h 0m 15s)

