#
# There is insufficient memory for the Java Runtime Environment to continue.
# Native memory allocation (mmap) failed to map 88080384 bytes for committing reserved memory.
# Possible reasons:
#   The system is out of physical RAM or swap space
#   In 32 bit mode, the process size limit was hit
# Possible solutions:
#   Reduce memory load on the system
#   Increase physical memory or swap space
#   Check if swap backing store is full
#   Use 64 bit Java on a 64 bit OS
#   Decrease Java heap size (-Xmx/-Xms)
#   Decrease number of Java threads
#   Decrease Java thread stack sizes (-Xss)
#   Set larger code cache with -XX:ReservedCodeCacheSize=
# This output file may be truncated or incomplete.
#
#  Out of Memory Error (os_linux.cpp:2671), pid=14457, tid=140297414575872
#
# JRE version: Java(TM) SE Runtime Environment (8.0_31-b13) (build 1.8.0_31-b13)
# Java VM: Java HotSpot(TM) 64-Bit Server VM (25.31-b07 mixed mode linux-amd64 compressed oops)
# Failed to write core dump. Core dumps have been disabled. To enable core dumping, try "ulimit -c unlimited" before starting Java again
#

---------------  T H R E A D  ---------------

Current thread (0x00007f999c075800):  VMThread [stack: 0x00007f99897f0000,0x00007f99898f1000] [id=14466]

Stack: [0x00007f99897f0000,0x00007f99898f1000],  sp=0x00007f99898ef070,  free space=1020k
Native frames: (J=compiled Java code, j=interpreted, Vv=VM code, C=native code)
V  [libjvm.so+0xa79e0a]  VMError::report_and_die()+0x2ca
V  [libjvm.so+0x4e57bb]  report_vm_out_of_memory(char const*, int, unsigned long, VMErrorType, char const*)+0x8b
V  [libjvm.so+0x8e5a23]  os::Linux::commit_memory_impl(char*, unsigned long, bool)+0x103
V  [libjvm.so+0x8e5f79]  os::pd_commit_memory(char*, unsigned long, unsigned long, bool)+0x29
V  [libjvm.so+0x8dfc4a]  os::commit_memory(char*, unsigned long, unsigned long, bool)+0x2a
V  [libjvm.so+0x9502f3]  PSVirtualSpace::expand_by(unsigned long)+0x53
V  [libjvm.so+0x9516f8]  PSYoungGen::resize_generation(unsigned long, unsigned long)+0xf8
V  [libjvm.so+0x950852]  PSYoungGen::resize(unsigned long, unsigned long)+0x22
V  [libjvm.so+0x94db33]  PSScavenge::invoke_no_policy()+0xf53
V  [libjvm.so+0x94e2b1]  PSScavenge::invoke()+0x41
V  [libjvm.so+0x907f90]  ParallelScavengeHeap::failed_mem_allocate(unsigned long)+0x70
V  [libjvm.so+0xa7b487]  VM_ParallelGCFailedAllocation::doit()+0x97
V  [libjvm.so+0xa82ba5]  VM_Operation::evaluate()+0x55
V  [libjvm.so+0xa80f7a]  VMThread::evaluate_operation(VM_Operation*)+0xba
V  [libjvm.so+0xa812fe]  VMThread::loop()+0x1ce
V  [libjvm.so+0xa81770]  VMThread::run()+0x70
V  [libjvm.so+0x8e8158]  java_start(Thread*)+0x108

VM_Operation (0x00007f99a3f77ef0): ParallelGCFailedAllocation, mode: safepoint, requested by thread 0x00007f999c00a000


---------------  P R O C E S S  ---------------

Java Threads: ( => current thread )
  0x00007f999c0b3000 JavaThread "Service Thread" daemon [_thread_blocked, id=14473, stack(0x00007f9988de0000,0x00007f9988ee1000)]
  0x00007f999c0af800 JavaThread "C1 CompilerThread2" daemon [_thread_blocked, id=14472, stack(0x00007f9988ee1000,0x00007f9988fe2000)]
  0x00007f999c0ae000 JavaThread "C2 CompilerThread1" daemon [_thread_blocked, id=14471, stack(0x00007f9988fe2000,0x00007f99890e3000)]
  0x00007f999c0ab000 JavaThread "C2 CompilerThread0" daemon [_thread_in_native, id=14470, stack(0x00007f99890e3000,0x00007f99891e4000)]
  0x00007f999c0a9000 JavaThread "Signal Dispatcher" daemon [_thread_blocked, id=14469, stack(0x00007f99891e4000,0x00007f99892e5000)]
  0x00007f999c07c800 JavaThread "Finalizer" daemon [_thread_blocked, id=14468, stack(0x00007f99895ee000,0x00007f99896ef000)]
  0x00007f999c07a800 JavaThread "Reference Handler" daemon [_thread_blocked, id=14467, stack(0x00007f99896ef000,0x00007f99897f0000)]
  0x00007f999c00a000 JavaThread "main" [_thread_blocked, id=14459, stack(0x00007f99a3e79000,0x00007f99a3f7a000)]

Other Threads:
=>0x00007f999c075800 VMThread [stack: 0x00007f99897f0000,0x00007f99898f1000] [id=14466]
  0x00007f999c0ca000 WatcherThread [stack: 0x00007f9988cdf000,0x00007f9988de0000] [id=14474]

VM state:at safepoint (normal execution)

VM Mutex/Monitor currently owned by a thread:  ([mutex/lock_event])
[0x00007f999c006580] Threads_lock - owner thread: 0x00007f999c075800
[0x00007f999c006a80] Heap_lock - owner thread: 0x00007f999c00a000

Heap:
 PSYoungGen      total 138752K, used 17911K [0x00000000eab00000, 0x00000000f4800000, 0x0000000100000000)
  eden space 120832K, 0% used [0x00000000eab00000,0x00000000eab00000,0x00000000f2100000)
  from space 17920K, 99% used [0x00000000f2100000,0x00000000f327df28,0x00000000f3280000)
  to   space 13824K, 0% used [0x00000000f3280000,0x00000000f3280000,0x00000000f4000000)
 ParOldGen       total 43008K, used 42924K [0x00000000c0000000, 0x00000000c2a00000, 0x00000000eab00000)
  object space 43008K, 99% used [0x00000000c0000000,0x00000000c29eb210,0x00000000c2a00000)
 Metaspace       used 6236K, capacity 7280K, committed 7552K, reserved 1056768K
  class space    used 582K, capacity 616K, committed 640K, reserved 1048576K

Card table byte_map: [0x00007f99a0a99000,0x00007f99a0c9a000] byte_map_base: 0x00007f99a0499000

Marking Bits: (ParMarkBitMap*) 0x00007f99a33552a0
 Begin Bits: [0x00007f998b000000, 0x00007f998c000000)
 End Bits:   [0x00007f998c000000, 0x00007f998d000000)

Polling page: 0x00007f99a3f9c000

CodeCache: size=245760Kb used=8177Kb max_used=8177Kb free=237582Kb
 bounds [0x00007f998d000000, 0x00007f998d810000, 0x00007f999c000000]
 total_blobs=2237 nmethods=1978 adapters=174
 compilation: enabled

Compilation events (10 events):
Event: 27,046 Thread 0x00007f999c0af800 nmethod 2082 0x00007f998d7ffa90 code [0x00007f998d7ffc20, 0x00007f998d7ffe98]
Event: 27,070 Thread 0x00007f999c0af800 2083       2       com.android.dx.dex.code.OutputFinisher::assignIndices (46 bytes)
Event: 27,071 Thread 0x00007f999c0af800 nmethod 2083 0x00007f998d7fff90 code [0x00007f998d800120, 0x00007f998d800478]
Event: 27,071 Thread 0x00007f999c0af800 2084       2       com.android.dx.dex.code.OutputFinisher::makeOpcodesArray (45 bytes)
Event: 27,072 Thread 0x00007f999c0af800 nmethod 2084 0x00007f998d800690 code [0x00007f998d800820, 0x00007f998d800c38]
Event: 27,072 Thread 0x00007f999c0af800 2085       2       com.android.dx.dex.code.InsnFormat::unsignedFitsInByte (15 bytes)
Event: 27,072 Thread 0x00007f999c0af800 nmethod 2085 0x00007f998d800fd0 code [0x00007f998d801120, 0x00007f998d801270]
Event: 27,072 Thread 0x00007f999c0af800 2086       2       com.android.dx.dex.code.CstInsn::getIndex (42 bytes)
Event: 27,073 Thread 0x00007f999c0af800 nmethod 2086 0x00007f998d801310 code [0x00007f998d8014c0, 0x00007f998d8018c8]
Event: 27,073 Thread 0x00007f999c0af800 2088       2       com.android.dx.dex.code.StdCatchBuilder::handlersFor (216 bytes)

GC Heap History (10 events):
Event: 9,835 GC heap after
Heap after GC invocations=4 (full 0):
 PSYoungGen      total 34304K, used 2557K [0x00000000eab00000, 0x00000000ecf00000, 0x0000000100000000)
  eden space 31744K, 0% used [0x00000000eab00000,0x00000000eab00000,0x00000000eca00000)
  from space 2560K, 99% used [0x00000000ecc80000,0x00000000eceff558,0x00000000ecf00000)
  to   space 2560K, 0% used [0x00000000eca00000,0x00000000eca00000,0x00000000ecc80000)
 ParOldGen       total 42496K, used 9560K [0x00000000c0000000, 0x00000000c2980000, 0x00000000eab00000)
  object space 42496K, 22% used [0x00000000c0000000,0x00000000c0956040,0x00000000c2980000)
 Metaspace       used 5811K, capacity 7024K, committed 7296K, reserved 1056768K
  class space    used 547K, capacity 616K, committed 640K, reserved 1048576K
}
Event: 11,424 GC heap before
{Heap before GC invocations=5 (full 0):
 PSYoungGen      total 34304K, used 34301K [0x00000000eab00000, 0x00000000ecf00000, 0x0000000100000000)
  eden space 31744K, 100% used [0x00000000eab00000,0x00000000eca00000,0x00000000eca00000)
  from space 2560K, 99% used [0x00000000ecc80000,0x00000000eceff558,0x00000000ecf00000)
  to   space 2560K, 0% used [0x00000000eca00000,0x00000000eca00000,0x00000000ecc80000)
 ParOldGen       total 42496K, used 9560K [0x00000000c0000000, 0x00000000c2980000, 0x00000000eab00000)
  object space 42496K, 22% used [0x00000000c0000000,0x00000000c0956040,0x00000000c2980000)
 Metaspace       used 5829K, capacity 7024K, committed 7296K, reserved 1056768K
  class space    used 547K, capacity 616K, committed 640K, reserved 1048576K
Event: 11,509 GC heap after
Heap after GC invocations=5 (full 0):
 PSYoungGen      total 34304K, used 2543K [0x00000000eab00000, 0x00000000ef700000, 0x0000000100000000)
  eden space 31744K, 0% used [0x00000000eab00000,0x00000000eab00000,0x00000000eca00000)
  from space 2560K, 99% used [0x00000000eca00000,0x00000000ecc7bf68,0x00000000ecc80000)
  to   space 7168K, 0% used [0x00000000ef000000,0x00000000ef000000,0x00000000ef700000)
 ParOldGen       total 42496K, used 14089K [0x00000000c0000000, 0x00000000c2980000, 0x00000000eab00000)
  object space 42496K, 33% used [0x00000000c0000000,0x00000000c0dc26c8,0x00000000c2980000)
 Metaspace       used 5829K, capacity 7024K, committed 7296K, reserved 1056768K
  class space    used 547K, capacity 616K, committed 640K, reserved 1048576K
}
Event: 13,661 GC heap before
{Heap before GC invocations=6 (full 0):
 PSYoungGen      total 34304K, used 34287K [0x00000000eab00000, 0x00000000ef700000, 0x0000000100000000)
  eden space 31744K, 100% used [0x00000000eab00000,0x00000000eca00000,0x00000000eca00000)
  from space 2560K, 99% used [0x00000000eca00000,0x00000000ecc7bf68,0x00000000ecc80000)
  to   space 7168K, 0% used [0x00000000ef000000,0x00000000ef000000,0x00000000ef700000)
 ParOldGen       total 42496K, used 14089K [0x00000000c0000000, 0x00000000c2980000, 0x00000000eab00000)
  object space 42496K, 33% used [0x00000000c0000000,0x00000000c0dc26c8,0x00000000c2980000)
 Metaspace       used 5861K, capacity 7088K, committed 7296K, reserved 1056768K
  class space    used 547K, capacity 616K, committed 640K, reserved 1048576K
Event: 13,794 GC heap after
Heap after GC invocations=6 (full 0):
 PSYoungGen      total 69632K, used 7162K [0x00000000eab00000, 0x00000000ef900000, 0x0000000100000000)
  eden space 62464K, 0% used [0x00000000eab00000,0x00000000eab00000,0x00000000ee800000)
  from space 7168K, 99% used [0x00000000ef000000,0x00000000ef6fe9e8,0x00000000ef700000)
  to   space 8192K, 0% used [0x00000000ee800000,0x00000000ee800000,0x00000000ef000000)
 ParOldGen       total 42496K, used 14639K [0x00000000c0000000, 0x00000000c2980000, 0x00000000eab00000)
  object space 42496K, 34% used [0x00000000c0000000,0x00000000c0e4bd90,0x00000000c2980000)
 Metaspace       used 5861K, capacity 7088K, committed 7296K, reserved 1056768K
  class space    used 547K, capacity 616K, committed 640K, reserved 1048576K
}
Event: 17,003 GC heap before
{Heap before GC invocations=7 (full 0):
 PSYoungGen      total 69632K, used 69626K [0x00000000eab00000, 0x00000000ef900000, 0x0000000100000000)
  eden space 62464K, 100% used [0x00000000eab00000,0x00000000ee800000,0x00000000ee800000)
  from space 7168K, 99% used [0x00000000ef000000,0x00000000ef6fe9e8,0x00000000ef700000)
  to   space 8192K, 0% used [0x00000000ee800000,0x00000000ee800000,0x00000000ef000000)
 ParOldGen       total 42496K, used 14639K [0x00000000c0000000, 0x00000000c2980000, 0x00000000eab00000)
  object space 42496K, 34% used [0x00000000c0000000,0x00000000c0e4bd90,0x00000000c2980000)
 Metaspace       used 5997K, capacity 7152K, committed 7296K, reserved 1056768K
  class space    used 566K, capacity 616K, committed 640K, reserved 1048576K
Event: 17,102 GC heap after
Heap after GC invocations=7 (full 0):
 PSYoungGen      total 70656K, used 8173K [0x00000000eab00000, 0x00000000f4000000, 0x0000000100000000)
  eden space 62464K, 0% used [0x00000000eab00000,0x00000000eab00000,0x00000000ee800000)
  from space 8192K, 99% used [0x00000000ee800000,0x00000000eeffb4b0,0x00000000ef000000)
  to   space 13824K, 0% used [0x00000000f3280000,0x00000000f3280000,0x00000000f4000000)
 ParOldGen       total 42496K, used 24021K [0x00000000c0000000, 0x00000000c2980000, 0x00000000eab00000)
  object space 42496K, 56% used [0x00000000c0000000,0x00000000c1775660,0x00000000c2980000)
 Metaspace       used 5997K, capacity 7152K, committed 7296K, reserved 1056768K
  class space    used 566K, capacity 616K, committed 640K, reserved 1048576K
}
Event: 19,766 GC heap before
{Heap before GC invocations=8 (full 0):
 PSYoungGen      total 70656K, used 70637K [0x00000000eab00000, 0x00000000f4000000, 0x0000000100000000)
  eden space 62464K, 100% used [0x00000000eab00000,0x00000000ee800000,0x00000000ee800000)
  from space 8192K, 99% used [0x00000000ee800000,0x00000000eeffb4b0,0x00000000ef000000)
  to   space 13824K, 0% used [0x00000000f3280000,0x00000000f3280000,0x00000000f4000000)
 ParOldGen       total 42496K, used 24021K [0x00000000c0000000, 0x00000000c2980000, 0x00000000eab00000)
  object space 42496K, 56% used [0x00000000c0000000,0x00000000c1775660,0x00000000c2980000)
 Metaspace       used 6001K, capacity 7152K, committed 7296K, reserved 1056768K
  class space    used 566K, capacity 616K, committed 640K, reserved 1048576K
Event: 19,900 GC heap after
Heap after GC invocations=8 (full 0):
 PSYoungGen      total 134656K, used 13793K [0x00000000eab00000, 0x00000000f4800000, 0x0000000100000000)
  eden space 120832K, 0% used [0x00000000eab00000,0x00000000eab00000,0x00000000f2100000)
  from space 13824K, 99% used [0x00000000f3280000,0x00000000f3ff8778,0x00000000f4000000)
  to   space 17920K, 0% used [0x00000000f2100000,0x00000000f2100000,0x00000000f3280000)
 ParOldGen       total 42496K, used 28191K [0x00000000c0000000, 0x00000000c2980000, 0x00000000eab00000)
  object space 42496K, 66% used [0x00000000c0000000,0x00000000c1b87c68,0x00000000c2980000)
 Metaspace       used 6001K, capacity 7152K, committed 7296K, reserved 1056768K
  class space    used 566K, capacity 616K, committed 640K, reserved 1048576K
}
Event: 27,075 GC heap before
{Heap before GC invocations=9 (full 0):
 PSYoungGen      total 134656K, used 134625K [0x00000000eab00000, 0x00000000f4800000, 0x0000000100000000)
  eden space 120832K, 100% used [0x00000000eab00000,0x00000000f2100000,0x00000000f2100000)
  from space 13824K, 99% used [0x00000000f3280000,0x00000000f3ff8778,0x00000000f4000000)
  to   space 17920K, 0% used [0x00000000f2100000,0x00000000f2100000,0x00000000f3280000)
 ParOldGen       total 42496K, used 28191K [0x00000000c0000000, 0x00000000c2980000, 0x00000000eab00000)
  object space 42496K, 66% used [0x00000000c0000000,0x00000000c1b87c68,0x00000000c2980000)
 Metaspace       used 6236K, capacity 7280K, committed 7552K, reserved 1056768K
  class space    used 582K, capacity 616K, committed 640K, reserved 1048576K

Deoptimization events (10 events):
Event: 15,304 Thread 0x00007f999c00a000 Uncommon trap: reason=unreached action=reinterpret pc=0x00007f998d45f094 method=com.android.dx.rop.code.LocalItem.compareHandlesNulls(Lcom/android/dx/rop/cst/CstString;Lcom/android/dx/rop/cst/CstString;)I @ 14
Event: 15,319 Thread 0x00007f999c00a000 Uncommon trap: reason=unreached action=reinterpret pc=0x00007f998d613bf0 method=com.android.dx.rop.code.LocalItem.compareHandlesNulls(Lcom/android/dx/rop/cst/CstString;Lcom/android/dx/rop/cst/CstString;)I @ 14
Event: 17,173 Thread 0x00007f999c00a000 Uncommon trap: reason=unreached action=reinterpret pc=0x00007f998d71fa74 method=com.android.dx.ssa.LocalVariableExtractor.processBlock(I)V @ 251
Event: 18,009 Thread 0x00007f999c00a000 Uncommon trap: reason=unreached action=reinterpret pc=0x00007f998d699e74 method=java.util.HashMap.resize()[Ljava/util/HashMap$Node; @ 206
Event: 20,844 Thread 0x00007f999c00a000 Uncommon trap: reason=unreached action=reinterpret pc=0x00007f998d665000 method=com.android.dx.ssa.MoveParamCombiner$1.visitNonMoveInsn(Lcom/android/dx/ssa/NormalSsaInsn;)V @ 27
Event: 25,113 Thread 0x00007f999c00a000 Uncommon trap: reason=class_check action=maybe_recompile pc=0x00007f998d4833c0 method=java.util.Arrays.hashCode([Ljava/lang/Object;)I @ 43
Event: 25,113 Thread 0x00007f999c00a000 Uncommon trap: reason=class_check action=maybe_recompile pc=0x00007f998d4833c0 method=java.util.Arrays.hashCode([Ljava/lang/Object;)I @ 43
Event: 25,116 Thread 0x00007f999c00a000 Uncommon trap: reason=class_check action=maybe_recompile pc=0x00007f998d4833c0 method=java.util.Arrays.hashCode([Ljava/lang/Object;)I @ 43
Event: 25,116 Thread 0x00007f999c00a000 Uncommon trap: reason=class_check action=maybe_recompile pc=0x00007f998d4833c0 method=java.util.Arrays.hashCode([Ljava/lang/Object;)I @ 43
Event: 25,117 Thread 0x00007f999c00a000 Uncommon trap: reason=class_check action=maybe_recompile pc=0x00007f998d432300 method=java.util.Arrays.hashCode([Ljava/lang/Object;)I @ 43

Internal exceptions (10 events):
Event: 26,888 Thread 0x00007f999c00a000 Exception <a 'java/security/PrivilegedActionException'> (0x00000000f20af190) thrown at [/HUDSON/workspace/8-2-build-linux-amd64/jdk8u31/2394/hotspot/src/share/vm/prims/jvm.cpp, line 1312]
Event: 26,893 Thread 0x00007f999c00a000 Exception <a 'java/security/PrivilegedActionException'> (0x00000000f20b1b50) thrown at [/HUDSON/workspace/8-2-build-linux-amd64/jdk8u31/2394/hotspot/src/share/vm/prims/jvm.cpp, line 1312]
Event: 26,899 Thread 0x00007f999c00a000 Exception <a 'java/security/PrivilegedActionException'> (0x00000000f20b7138) thrown at [/HUDSON/workspace/8-2-build-linux-amd64/jdk8u31/2394/hotspot/src/share/vm/prims/jvm.cpp, line 1312]
Event: 26,907 Thread 0x00007f999c00a000 Exception <a 'java/security/PrivilegedActionException'> (0x00000000f20ba628) thrown at [/HUDSON/workspace/8-2-build-linux-amd64/jdk8u31/2394/hotspot/src/share/vm/prims/jvm.cpp, line 1312]
Event: 26,911 Thread 0x00007f999c00a000 Exception <a 'java/security/PrivilegedActionException'> (0x00000000f20bcfb0) thrown at [/HUDSON/workspace/8-2-build-linux-amd64/jdk8u31/2394/hotspot/src/share/vm/prims/jvm.cpp, line 1312]
Event: 26,912 Thread 0x00007f999c00a000 Exception <a 'java/security/PrivilegedActionException'> (0x00000000f20c2120) thrown at [/HUDSON/workspace/8-2-build-linux-amd64/jdk8u31/2394/hotspot/src/share/vm/prims/jvm.cpp, line 1312]
Event: 26,914 Thread 0x00007f999c00a000 Exception <a 'java/security/PrivilegedActionException'> (0x00000000f20c8638) thrown at [/HUDSON/workspace/8-2-build-linux-amd64/jdk8u31/2394/hotspot/src/share/vm/prims/jvm.cpp, line 1312]
Event: 26,927 Thread 0x00007f999c00a000 Exception <a 'java/security/PrivilegedActionException'> (0x00000000f20cb528) thrown at [/HUDSON/workspace/8-2-build-linux-amd64/jdk8u31/2394/hotspot/src/share/vm/prims/jvm.cpp, line 1312]
Event: 26,935 Thread 0x00007f999c00a000 Exception <a 'java/security/PrivilegedActionException'> (0x00000000f20d0308) thrown at [/HUDSON/workspace/8-2-build-linux-amd64/jdk8u31/2394/hotspot/src/share/vm/prims/jvm.cpp, line 1312]
Event: 26,951 Thread 0x00007f999c00a000 Exception <a 'java/security/PrivilegedActionException'> (0x00000000f20d4990) thrown at [/HUDSON/workspace/8-2-build-linux-amd64/jdk8u31/2394/hotspot/src/share/vm/prims/jvm.cpp, line 1312]

Events (10 events):
Event: 26,912 loading class com/android/dx/dex/code/LocalList$MakeState done
Event: 26,914 loading class com/android/dx/dex/code/LocalList$Disposition
Event: 26,914 loading class com/android/dx/dex/code/LocalList$Disposition done
Event: 26,927 loading class com/android/dx/dex/code/LocalList$Entry
Event: 26,927 loading class com/android/dx/dex/code/LocalList$Entry done
Event: 26,934 loading class com/android/dx/dex/code/CatchHandlerList
Event: 26,934 loading class com/android/dx/dex/code/CatchHandlerList done
Event: 26,951 loading class com/android/dx/dex/code/CatchTable
Event: 26,951 loading class com/android/dx/dex/code/CatchTable done
Event: 27,074 Executing VM operation: ParallelGCFailedAllocation


Dynamic libraries:
00400000-00401000 r-xp 00000000 08:01 275992                             /usr/lib/jvm/java-8-oracle/bin/java
00600000-00601000 rw-p 00000000 08:01 275992                             /usr/lib/jvm/java-8-oracle/bin/java
00d07000-00d28000 rw-p 00000000 00:00 0                                  [heap]
c0000000-c2a00000 rw-p 00000000 00:00 0 
c2a00000-eab00000 ---p 00000000 00:00 0 
eab00000-f4800000 rw-p 00000000 00:00 0 
f9c00000-100000000 ---p 00000000 00:00 0 
100000000-1000a0000 rw-p 00000000 00:00 0 
1000a0000-140000000 ---p 00000000 00:00 0 
7f994c000000-7f994c021000 rw-p 00000000 00:00 0 
7f994c021000-7f9950000000 ---p 00000000 00:00 0 
7f9954000000-7f9954d7c000 rw-p 00000000 00:00 0 
7f9954d7c000-7f9958000000 ---p 00000000 00:00 0 
7f9958000000-7f9958021000 rw-p 00000000 00:00 0 
7f9958021000-7f995c000000 ---p 00000000 00:00 0 
7f995c000000-7f995c860000 rw-p 00000000 00:00 0 
7f995c860000-7f9960000000 ---p 00000000 00:00 0 
7f99627fe000-7f9964000000 rw-p 00000000 00:00 0 
7f9964000000-7f9964021000 rw-p 00000000 00:00 0 
7f9964021000-7f9968000000 ---p 00000000 00:00 0 
7f9968000000-7f9968ab8000 rw-p 00000000 00:00 0 
7f9968ab8000-7f996c000000 ---p 00000000 00:00 0 
7f996c000000-7f996c021000 rw-p 00000000 00:00 0 
7f996c021000-7f9970000000 ---p 00000000 00:00 0 
7f9970000000-7f9970021000 rw-p 00000000 00:00 0 
7f9970021000-7f9974000000 ---p 00000000 00:00 0 
7f9974000000-7f9974021000 rw-p 00000000 00:00 0 
7f9974021000-7f9978000000 ---p 00000000 00:00 0 
7f9978000000-7f997827d000 rw-p 00000000 00:00 0 
7f997827d000-7f997c000000 ---p 00000000 00:00 0 
7f997c000000-7f997c021000 rw-p 00000000 00:00 0 
7f997c021000-7f9980000000 ---p 00000000 00:00 0 
7f9980000000-7f9980021000 rw-p 00000000 00:00 0 
7f9980021000-7f9984000000 ---p 00000000 00:00 0 
7f9984000000-7f9984021000 rw-p 00000000 00:00 0 
7f9984021000-7f9988000000 ---p 00000000 00:00 0 
7f99886dd000-7f9988cdf000 rw-p 00000000 00:00 0 
7f9988cdf000-7f9988ce0000 ---p 00000000 00:00 0 
7f9988ce0000-7f9988de0000 rw-p 00000000 00:00 0                          [stack:14474]
7f9988de0000-7f9988de3000 ---p 00000000 00:00 0 
7f9988de3000-7f9988ee1000 rw-p 00000000 00:00 0                          [stack:14473]
7f9988ee1000-7f9988ee4000 ---p 00000000 00:00 0 
7f9988ee4000-7f9988fe2000 rw-p 00000000 00:00 0                          [stack:14472]
7f9988fe2000-7f9988fe5000 ---p 00000000 00:00 0 
7f9988fe5000-7f99890e3000 rw-p 00000000 00:00 0                          [stack:14471]
7f99890e3000-7f99890e6000 ---p 00000000 00:00 0 
7f99890e6000-7f99891e4000 rw-p 00000000 00:00 0                          [stack:14470]
7f99891e4000-7f99891e7000 ---p 00000000 00:00 0 
7f99891e7000-7f99892e5000 rw-p 00000000 00:00 0                          [stack:14469]
7f99892e5000-7f99895ee000 r--p 00000000 08:01 270432                     /usr/lib/locale/locale-archive
7f99895ee000-7f99895f1000 ---p 00000000 00:00 0 
7f99895f1000-7f99896ef000 rw-p 00000000 00:00 0                          [stack:14468]
7f99896ef000-7f99896f2000 ---p 00000000 00:00 0 
7f99896f2000-7f99897f0000 rw-p 00000000 00:00 0                          [stack:14467]
7f99897f0000-7f99897f1000 ---p 00000000 00:00 0 
7f99897f1000-7f998aec0000 rw-p 00000000 00:00 0                          [stack:14466]
7f998aec0000-7f998b000000 ---p 00000000 00:00 0 
7f998b000000-7f998d000000 rw-p 00000000 00:00 0 
7f998d000000-7f998d810000 rwxp 00000000 00:00 0 
7f998d810000-7f999c000000 ---p 00000000 00:00 0 
7f999c000000-7f999c382000 rw-p 00000000 00:00 0 
7f999c382000-7f99a0000000 ---p 00000000 00:00 0 
7f99a003f000-7f99a004e000 r--s 000dd000 08:01 2362396                    /home/thibaud/adt_bundle/sdk/build-tools/21.1.2/lib/dx.jar
7f99a004e000-7f99a00f3000 rw-p 00000000 00:00 0 
7f99a00f3000-7f99a02c9000 r--s 03cae000 08:01 275552                     /usr/lib/jvm/java-8-oracle/jre/lib/rt.jar
7f99a02c9000-7f99a053f000 rw-p 00000000 00:00 0 
7f99a053f000-7f99a0540000 ---p 00000000 00:00 0 
7f99a0540000-7f99a0640000 rw-p 00000000 00:00 0                          [stack:14465]
7f99a0640000-7f99a0641000 ---p 00000000 00:00 0 
7f99a0641000-7f99a0741000 rw-p 00000000 00:00 0                          [stack:14464]
7f99a0741000-7f99a0742000 ---p 00000000 00:00 0 
7f99a0742000-7f99a0842000 rw-p 00000000 00:00 0                          [stack:14463]
7f99a0842000-7f99a0843000 ---p 00000000 00:00 0 
7f99a0843000-7f99a0958000 rw-p 00000000 00:00 0                          [stack:14462]
7f99a0958000-7f99a0a99000 ---p 00000000 00:00 0 
7f99a0a99000-7f99a0aae000 rw-p 00000000 00:00 0 
7f99a0aae000-7f99a0bee000 ---p 00000000 00:00 0 
7f99a0bee000-7f99a0c3d000 rw-p 00000000 00:00 0 
7f99a0c3d000-7f99a0c99000 ---p 00000000 00:00 0 
7f99a0c99000-7f99a0cbb000 rw-p 00000000 00:00 0 
7f99a0cbb000-7f99a105a000 ---p 00000000 00:00 0 
7f99a105a000-7f99a1074000 r-xp 00000000 08:01 275624                     /usr/lib/jvm/java-8-oracle/jre/lib/amd64/libzip.so
7f99a1074000-7f99a1274000 ---p 0001a000 08:01 275624                     /usr/lib/jvm/java-8-oracle/jre/lib/amd64/libzip.so
7f99a1274000-7f99a1275000 rw-p 0001a000 08:01 275624                     /usr/lib/jvm/java-8-oracle/jre/lib/amd64/libzip.so
7f99a1275000-7f99a1280000 r-xp 00000000 08:01 1449254                    /lib/x86_64-linux-gnu/libnss_files-2.19.so
7f99a1280000-7f99a147f000 ---p 0000b000 08:01 1449254                    /lib/x86_64-linux-gnu/libnss_files-2.19.so
7f99a147f000-7f99a1480000 r--p 0000a000 08:01 1449254                    /lib/x86_64-linux-gnu/libnss_files-2.19.so
7f99a1480000-7f99a1481000 rw-p 0000b000 08:01 1449254                    /lib/x86_64-linux-gnu/libnss_files-2.19.so
7f99a1481000-7f99a148c000 r-xp 00000000 08:01 1449248                    /lib/x86_64-linux-gnu/libnss_nis-2.19.so
7f99a148c000-7f99a168b000 ---p 0000b000 08:01 1449248                    /lib/x86_64-linux-gnu/libnss_nis-2.19.so
7f99a168b000-7f99a168c000 r--p 0000a000 08:01 1449248                    /lib/x86_64-linux-gnu/libnss_nis-2.19.so
7f99a168c000-7f99a168d000 rw-p 0000b000 08:01 1449248                    /lib/x86_64-linux-gnu/libnss_nis-2.19.so
7f99a168d000-7f99a16a4000 r-xp 00000000 08:01 1449237                    /lib/x86_64-linux-gnu/libnsl-2.19.so
7f99a16a4000-7f99a18a3000 ---p 00017000 08:01 1449237                    /lib/x86_64-linux-gnu/libnsl-2.19.so
7f99a18a3000-7f99a18a4000 r--p 00016000 08:01 1449237                    /lib/x86_64-linux-gnu/libnsl-2.19.so
7f99a18a4000-7f99a18a5000 rw-p 00017000 08:01 1449237                    /lib/x86_64-linux-gnu/libnsl-2.19.so
7f99a18a5000-7f99a18a7000 rw-p 00000000 00:00 0 
7f99a18a7000-7f99a18b0000 r-xp 00000000 08:01 1449234                    /lib/x86_64-linux-gnu/libnss_compat-2.19.so
7f99a18b0000-7f99a1aaf000 ---p 00009000 08:01 1449234                    /lib/x86_64-linux-gnu/libnss_compat-2.19.so
7f99a1aaf000-7f99a1ab0000 r--p 00008000 08:01 1449234                    /lib/x86_64-linux-gnu/libnss_compat-2.19.so
7f99a1ab0000-7f99a1ab1000 rw-p 00009000 08:01 1449234                    /lib/x86_64-linux-gnu/libnss_compat-2.19.so
7f99a1ab1000-7f99a1adb000 r-xp 00000000 08:01 275653                     /usr/lib/jvm/java-8-oracle/jre/lib/amd64/libjava.so
7f99a1adb000-7f99a1cdb000 ---p 0002a000 08:01 275653                     /usr/lib/jvm/java-8-oracle/jre/lib/amd64/libjava.so
7f99a1cdb000-7f99a1cdd000 rw-p 0002a000 08:01 275653                     /usr/lib/jvm/java-8-oracle/jre/lib/amd64/libjava.so
7f99a1cdd000-7f99a1cea000 r-xp 00000000 08:01 275660                     /usr/lib/jvm/java-8-oracle/jre/lib/amd64/libverify.so
7f99a1cea000-7f99a1eea000 ---p 0000d000 08:01 275660                     /usr/lib/jvm/java-8-oracle/jre/lib/amd64/libverify.so
7f99a1eea000-7f99a1eec000 rw-p 0000d000 08:01 275660                     /usr/lib/jvm/java-8-oracle/jre/lib/amd64/libverify.so
7f99a1eec000-7f99a1ef3000 r-xp 00000000 08:01 1449227                    /lib/x86_64-linux-gnu/librt-2.19.so
7f99a1ef3000-7f99a20f2000 ---p 00007000 08:01 1449227                    /lib/x86_64-linux-gnu/librt-2.19.so
7f99a20f2000-7f99a20f3000 r--p 00006000 08:01 1449227                    /lib/x86_64-linux-gnu/librt-2.19.so
7f99a20f3000-7f99a20f4000 rw-p 00007000 08:01 1449227                    /lib/x86_64-linux-gnu/librt-2.19.so
7f99a20f4000-7f99a21f9000 r-xp 00000000 08:01 1449236                    /lib/x86_64-linux-gnu/libm-2.19.so
7f99a21f9000-7f99a23f8000 ---p 00105000 08:01 1449236                    /lib/x86_64-linux-gnu/libm-2.19.so
7f99a23f8000-7f99a23f9000 r--p 00104000 08:01 1449236                    /lib/x86_64-linux-gnu/libm-2.19.so
7f99a23f9000-7f99a23fa000 rw-p 00105000 08:01 1449236                    /lib/x86_64-linux-gnu/libm-2.19.so
7f99a23fa000-7f99a3068000 r-xp 00000000 08:01 275644                     /usr/lib/jvm/java-8-oracle/jre/lib/amd64/server/libjvm.so
7f99a3068000-7f99a3267000 ---p 00c6e000 08:01 275644                     /usr/lib/jvm/java-8-oracle/jre/lib/amd64/server/libjvm.so
7f99a3267000-7f99a333d000 rw-p 00c6d000 08:01 275644                     /usr/lib/jvm/java-8-oracle/jre/lib/amd64/server/libjvm.so
7f99a333d000-7f99a3380000 rw-p 00000000 00:00 0 
7f99a3380000-7f99a353b000 r-xp 00000000 08:01 1449225                    /lib/x86_64-linux-gnu/libc-2.19.so
7f99a353b000-7f99a373b000 ---p 001bb000 08:01 1449225                    /lib/x86_64-linux-gnu/libc-2.19.so
7f99a373b000-7f99a373f000 r--p 001bb000 08:01 1449225                    /lib/x86_64-linux-gnu/libc-2.19.so
7f99a373f000-7f99a3741000 rw-p 001bf000 08:01 1449225                    /lib/x86_64-linux-gnu/libc-2.19.so
7f99a3741000-7f99a3746000 rw-p 00000000 00:00 0 
7f99a3746000-7f99a3749000 r-xp 00000000 08:01 1449231                    /lib/x86_64-linux-gnu/libdl-2.19.so
7f99a3749000-7f99a3948000 ---p 00003000 08:01 1449231                    /lib/x86_64-linux-gnu/libdl-2.19.so
7f99a3948000-7f99a3949000 r--p 00002000 08:01 1449231                    /lib/x86_64-linux-gnu/libdl-2.19.so
7f99a3949000-7f99a394a000 rw-p 00003000 08:01 1449231                    /lib/x86_64-linux-gnu/libdl-2.19.so
7f99a394a000-7f99a395f000 r-xp 00000000 08:01 274969                     /usr/lib/jvm/java-8-oracle/lib/amd64/jli/libjli.so
7f99a395f000-7f99a3b5e000 ---p 00015000 08:01 274969                     /usr/lib/jvm/java-8-oracle/lib/amd64/jli/libjli.so
7f99a3b5e000-7f99a3b5f000 rw-p 00014000 08:01 274969                     /usr/lib/jvm/java-8-oracle/lib/amd64/jli/libjli.so
7f99a3b5f000-7f99a3b78000 r-xp 00000000 08:01 1449252                    /lib/x86_64-linux-gnu/libpthread-2.19.so
7f99a3b78000-7f99a3d77000 ---p 00019000 08:01 1449252                    /lib/x86_64-linux-gnu/libpthread-2.19.so
7f99a3d77000-7f99a3d78000 r--p 00018000 08:01 1449252                    /lib/x86_64-linux-gnu/libpthread-2.19.so
7f99a3d78000-7f99a3d79000 rw-p 00019000 08:01 1449252                    /lib/x86_64-linux-gnu/libpthread-2.19.so
7f99a3d79000-7f99a3d7d000 rw-p 00000000 00:00 0 
7f99a3d7d000-7f99a3da0000 r-xp 00000000 08:01 1449223                    /lib/x86_64-linux-gnu/ld-2.19.so
7f99a3da7000-7f99a3e79000 rw-p 00000000 00:00 0 
7f99a3e79000-7f99a3e7c000 ---p 00000000 00:00 0 
7f99a3e7c000-7f99a3f93000 rw-p 00000000 00:00 0                          [stack:14459]
7f99a3f93000-7f99a3f9b000 rw-s 00000000 08:01 802187                     /tmp/hsperfdata_thibaud/14457
7f99a3f9b000-7f99a3f9c000 rw-p 00000000 00:00 0 
7f99a3f9c000-7f99a3f9d000 ---p 00000000 00:00 0 
7f99a3f9d000-7f99a3f9f000 rw-p 00000000 00:00 0 
7f99a3f9f000-7f99a3fa0000 r--p 00022000 08:01 1449223                    /lib/x86_64-linux-gnu/ld-2.19.so
7f99a3fa0000-7f99a3fa1000 rw-p 00023000 08:01 1449223                    /lib/x86_64-linux-gnu/ld-2.19.so
7f99a3fa1000-7f99a3fa2000 rw-p 00000000 00:00 0 
7fffe6ecc000-7fffe6eee000 rw-p 00000000 00:00 0                          [stack]
7fffe6ffe000-7fffe7000000 r-xp 00000000 00:00 0                          [vdso]
ffffffffff600000-ffffffffff601000 r-xp 00000000 00:00 0                  [vsyscall]

VM Arguments:
jvm_args: -Xmx1024M -Dfile.encoding=UTF-8 -Duser.country=US -Duser.language=en -Duser.variant 
java_command: com.android.dx.command.Main --dex --output /home/thibaud/repo/android/app/build/intermediates/pre-dexed/debug/jackson-mapper-asl-1.9.13-fb9ca7b767d5dd318e6304b6f0401c6ca2fbc57a.jar /home/thibaud/.gradle/caches/modules-2/files-2.1/org.codehaus.jackson/jackson-mapper-asl/1.9.13/1ee2f2bed0e5dd29d1cb155a166e6f8d50bbddb7/jackson-mapper-asl-1.9.13.jar
java_class_path (initial): /home/thibaud/adt_bundle/sdk/build-tools/21.1.2/lib/dx.jar
Launcher Type: SUN_STANDARD

Environment Variables:
JAVA_HOME=/usr/lib/jvm/java-8-oracle
CLASSPATH=./Downloads/android-studio/bin/../lib/bootstrap.jar:./Downloads/android-studio/bin/../lib/extensions.jar:./Downloads/android-studio/bin/../lib/util.jar:./Downloads/android-studio/bin/../lib/jdom.jar:./Downloads/android-studio/bin/../lib/log4j.jar:./Downloads/android-studio/bin/../lib/trove4j.jar:./Downloads/android-studio/bin/../lib/jna.jar:/usr/lib/jvm/java-8-oracle/lib/tools.jar
PATH=/usr/local/maven/bin:/usr/local/sbin:/usr/local/bin:/usr/sbin:/usr/bin:/sbin:/bin:/usr/games:/usr/local/games
USERNAME=thibaud
LD_LIBRARY_PATH=./Downloads/android-studio/bin:
SHELL=/bin/bash
DISPLAY=:0

Signal Handlers:
SIGSEGV: [libjvm.so+0xa7a650], sa_mask[0]=11111111011111111101111111111110, sa_flags=SA_RESTART|SA_SIGINFO
SIGBUS: [libjvm.so+0xa7a650], sa_mask[0]=11111111011111111101111111111110, sa_flags=SA_RESTART|SA_SIGINFO
SIGFPE: [libjvm.so+0x8e28f0], sa_mask[0]=11111111011111111101111111111110, sa_flags=SA_RESTART|SA_SIGINFO
SIGPIPE: [libjvm.so+0x8e28f0], sa_mask[0]=11111111011111111101111111111110, sa_flags=SA_RESTART|SA_SIGINFO
SIGXFSZ: [libjvm.so+0x8e28f0], sa_mask[0]=11111111011111111101111111111110, sa_flags=SA_RESTART|SA_SIGINFO
SIGILL: [libjvm.so+0x8e28f0], sa_mask[0]=11111111011111111101111111111110, sa_flags=SA_RESTART|SA_SIGINFO
SIGUSR1: SIG_DFL, sa_mask[0]=00000000000000000000000000000000, sa_flags=none
SIGUSR2: [libjvm.so+0x8e4120], sa_mask[0]=00100000000000000000000000000000, sa_flags=SA_RESTART|SA_SIGINFO
SIGHUP: [libjvm.so+0x8e54e0], sa_mask[0]=11111111011111111101111111111110, sa_flags=SA_RESTART|SA_SIGINFO
SIGINT: [libjvm.so+0x8e54e0], sa_mask[0]=11111111011111111101111111111110, sa_flags=SA_RESTART|SA_SIGINFO
SIGTERM: [libjvm.so+0x8e54e0], sa_mask[0]=11111111011111111101111111111110, sa_flags=SA_RESTART|SA_SIGINFO
SIGQUIT: [libjvm.so+0x8e54e0], sa_mask[0]=11111111011111111101111111111110, sa_flags=SA_RESTART|SA_SIGINFO


---------------  S Y S T E M  ---------------

OS:DISTRIB_ID=LinuxMint
DISTRIB_RELEASE=17
DISTRIB_CODENAME=qiana
DISTRIB_DESCRIPTION="Linux Mint 17 Qiana"

uname:Linux 3.13.0-24-generic #46-Ubuntu SMP Thu Apr 10 19:11:08 UTC 2014 x86_64
libc:glibc 2.19 NPTL 2.19 
rlimit: STACK 8192k, CORE 0k, NPROC 31328, NOFILE 4096, AS infinity
load average:8,92 4,42 3,37

/proc/meminfo:
MemTotal:        4041048 kB
MemFree:           96792 kB
Buffers:             400 kB
Cached:            32980 kB
SwapCached:        33692 kB
Active:          2708880 kB
Inactive:         879704 kB
Active(anon):    2696440 kB
Inactive(anon):   869452 kB
Active(file):      12440 kB
Inactive(file):    10252 kB
Unevictable:         672 kB
Mlocked:             672 kB
SwapTotal:       4191228 kB
SwapFree:              0 kB
Dirty:               536 kB
Writeback:             4 kB
AnonPages:       3523756 kB
Mapped:            24392 kB
Shmem:              9872 kB
Slab:              90352 kB
SReclaimable:      37852 kB
SUnreclaim:        52500 kB
KernelStack:        9712 kB
PageTables:        72624 kB
NFS_Unstable:          0 kB
Bounce:                0 kB
WritebackTmp:          0 kB
CommitLimit:     6211752 kB
Committed_AS:   14561564 kB
VmallocTotal:   34359738367 kB
VmallocUsed:      168040 kB
VmallocChunk:   34359479472 kB
HardwareCorrupted:     0 kB
AnonHugePages:    411648 kB
HugePages_Total:       0
HugePages_Free:        0
HugePages_Rsvd:        0
HugePages_Surp:        0
Hugepagesize:       2048 kB
DirectMap4k:      102272 kB
DirectMap2M:     6713344 kB


CPU:total 4 (1 cores per cpu, 1 threads per core) family 6 model 58 stepping 9, cmov, cx8, fxsr, mmx, sse, sse2, sse3, ssse3, sse4.1, sse4.2, popcnt, avx, aes, clmul, erms, tsc, tscinvbit, tscinv

/proc/cpuinfo:
processor	: 0
vendor_id	: GenuineIntel
cpu family	: 6
model		: 58
model name	: Intel(R) Core(TM) i5-3317U CPU @ 1.70GHz
stepping	: 9
microcode	: 0x17
cpu MHz		: 1696.146
cache size	: 3072 KB
physical id	: 0
siblings	: 1
core id		: 0
cpu cores	: 1
apicid		: 0
initial apicid	: 0
fpu		: yes
fpu_exception	: yes
cpuid level	: 13
wp		: yes
flags		: fpu vme de pse tsc msr pae mce cx8 apic sep mtrr pge mca cmov pat pse36 clflush dts mmx fxsr sse sse2 ss syscall nx rdtscp lm constant_tsc arch_perfmon pebs bts nopl xtopology tsc_reliable nonstop_tsc aperfmperf pni pclmulqdq vmx ssse3 cx16 pcid sse4_1 sse4_2 x2apic popcnt aes xsave avx f16c rdrand hypervisor lahf_lm arat epb pln pts dtherm tpr_shadow vnmi ept vpid fsgsbase smep
bogomips	: 3392.29
clflush size	: 64
cache_alignment	: 64
address sizes	: 40 bits physical, 48 bits virtual
power management:

processor	: 1
vendor_id	: GenuineIntel
cpu family	: 6
model		: 58
model name	: Intel(R) Core(TM) i5-3317U CPU @ 1.70GHz
stepping	: 9
microcode	: 0x17
cpu MHz		: 1696.146
cache size	: 3072 KB
physical id	: 2
siblings	: 1
core id		: 0
cpu cores	: 1
apicid		: 2
initial apicid	: 2
fpu		: yes
fpu_exception	: yes
cpuid level	: 13
wp		: yes
flags		: fpu vme de pse tsc msr pae mce cx8 apic sep mtrr pge mca cmov pat pse36 clflush dts mmx fxsr sse sse2 ss syscall nx rdtscp lm constant_tsc arch_perfmon pebs bts nopl xtopology tsc_reliable nonstop_tsc aperfmperf pni pclmulqdq vmx ssse3 cx16 pcid sse4_1 sse4_2 x2apic popcnt aes xsave avx f16c rdrand hypervisor lahf_lm arat epb pln pts dtherm tpr_shadow vnmi ept vpid fsgsbase smep
bogomips	: 3392.29
clflush size	: 64
cache_alignment	: 64
address sizes	: 40 bits physical, 48 bits virtual
power management:

processor	: 2
vendor_id	: GenuineIntel
cpu family	: 6
model		: 58
model name	: Intel(R) Core(TM) i5-3317U CPU @ 1.70GHz
stepping	: 9
microcode	: 0x17
cpu MHz		: 1696.146
cache size	: 3072 KB
physical id	: 4
siblings	: 1
core id		: 0
cpu cores	: 1
apicid		: 4
initial apicid	: 4
fpu		: yes
fpu_exception	: yes
cpuid level	: 13
wp		: yes
flags		: fpu vme de pse tsc msr pae mce cx8 apic sep mtrr pge mca cmov pat pse36 clflush dts mmx fxsr sse sse2 ss syscall nx rdtscp lm constant_tsc arch_perfmon pebs bts nopl xtopology tsc_reliable nonstop_tsc aperfmperf pni pclmulqdq vmx ssse3 cx16 pcid sse4_1 sse4_2 x2apic popcnt aes xsave avx f16c rdrand hypervisor lahf_lm arat epb pln pts dtherm tpr_shadow vnmi ept vpid fsgsbase smep
bogomips	: 3392.29
clflush size	: 64
cache_alignment	: 64
address sizes	: 40 bits physical, 48 bits virtual
power management:

processor	: 3
vendor_id	: GenuineIntel
cpu family	: 6
model		: 58
model name	: Intel(R) Core(TM) i5-3317U CPU @ 1.70GHz
stepping	: 9
microcode	: 0x17
cpu MHz		: 1696.146
cache size	: 3072 KB
physical id	: 6
siblings	: 1
core id		: 0
cpu cores	: 1
apicid		: 6
initial apicid	: 6
fpu		: yes
fpu_exception	: yes
cpuid level	: 13
wp		: yes
flags		: fpu vme de pse tsc msr pae mce cx8 apic sep mtrr pge mca cmov pat pse36 clflush dts mmx fxsr sse sse2 ss syscall nx rdtscp lm constant_tsc arch_perfmon pebs bts nopl xtopology tsc_reliable nonstop_tsc aperfmperf pni pclmulqdq vmx ssse3 cx16 pcid sse4_1 sse4_2 x2apic popcnt aes xsave avx f16c rdrand hypervisor lahf_lm arat epb pln pts dtherm tpr_shadow vnmi ept vpid fsgsbase smep
bogomips	: 3392.29
clflush size	: 64
cache_alignment	: 64
address sizes	: 40 bits physical, 48 bits virtual
power management:



Memory: 4k page, physical 4041048k(96988k free), swap 4191228k(0k free)

vm_info: Java HotSpot(TM) 64-Bit Server VM (25.31-b07) for linux-amd64 JRE (1.8.0_31-b13), built on Dec 17 2014 20:40:15 by "java_re" with gcc 4.3.0 20080428 (Red Hat 4.3.0-8)

time: Mon Apr  6 16:15:52 2015
elapsed time: 27 seconds (0d 0h 0m 27s)

